[1020/170636.473:INFO:CONSOLE(0)] "Error with Permissions-Policy header: Feature xr-spatial-tracking's parameters are ignored.", source:  (0)
[1020/170636.474:INFO:CONSOLE(0)] "Error with Permissions-Policy header: Origin trial controlled feature not enabled: 'attribution-reporting'.", source:  (0)
[1020/170636.474:INFO:CONSOLE(0)] "Error with Permissions-Policy header: Unrecognized feature: 'compute-pressure'.", source:  (0)
[1020/170636.474:INFO:CONSOLE(0)] "Error with Permissions-Policy header: Origin trial controlled feature not enabled: 'interest-cohort'.", source:  (0)
[1020/170636.474:INFO:CONSOLE(0)] "Error with Permissions-Policy header: Unrecognized feature: 'private-state-token-issuance'.", source:  (0)
[1020/170636.475:INFO:CONSOLE(0)] "Error with Permissions-Policy header: Origin trial controlled feature not enabled: 'shared-storage'.", source:  (0)
[1020/170636.475:INFO:CONSOLE(0)] "Error with Permissions-Policy header: Unrecognized feature: 'shared-storage-select-url'.", source:  (0)
[1020/170636.475:INFO:CONSOLE(0)] "Error with Permissions-Policy header: Unrecognized feature: 'private-state-token-redemption'.", source:  (0)
[1020/170636.475:INFO:CONSOLE(0)] "Error with Permissions-Policy header: Unrecognized feature: 'unload'.", source:  (0)
[1020/170636.475:INFO:CONSOLE(0)] "Error with Permissions-Policy header: Unrecognized feature: 'window-management'.", source:  (0)
[1020/170639.446:INFO:CONSOLE(123)] "Event handler of 'x-storagemutated-1' event must be added on the initial evaluation of worker script.", source: https://static.whatsapp.net/rsrc.php/v3/yW/r/WfD9-DpTyyP.js (123)
[1020/170640.518:INFO:CONSOLE(344)] "WAWebLoggerWorker initialized", source: https://static.whatsapp.net/rsrc.php/v3/y6/r/ENTLTW0xfpl.js (344)
[1020/170640.518:INFO:CONSOLE(344)] "[storage] start setSchemaVersions from fts worker interface", source: https://static.whatsapp.net/rsrc.php/v3/y6/r/ENTLTW0xfpl.js (344)
[1020/170640.518:INFO:CONSOLE(344)] "[storage] set schema versions: [model-storage,160,fts-storage,8,jobs-storage,1,lru-media-storage-idb,2,offd-storage,4,qpl-storage,0,signal-storage,6,worker-storage,1,sw,2,wawc,14,wawc_db_enc,2]. is worker? true", source: https://static.whatsapp.net/rsrc.php/v3/y6/r/ENTLTW0xfpl.js (344)
[1020/170752.614:INFO:CONSOLE(123)] "Event handler of 'x-storagemutated-1' event must be added on the initial evaluation of worker script.", source: https://static.whatsapp.net/rsrc.php/v3/yW/r/WfD9-DpTyyP.js (123)
[1020/170754.906:INFO:CONSOLE(344)] "FTS:Delegate: start indexer", source: https://static.whatsapp.net/rsrc.php/v3/y6/r/ENTLTW0xfpl.js (344)
[1020/170754.906:INFO:CONSOLE(344)] "FTS:Delegate: start perform init", source: https://static.whatsapp.net/rsrc.php/v3/y6/r/ENTLTW0xfpl.js (344)
[1020/170754.906:INFO:CONSOLE(344)] "FTS:Delegate: schema versions ready", source: https://static.whatsapp.net/rsrc.php/v3/y6/r/ENTLTW0xfpl.js (344)
[1020/170754.906:INFO:CONSOLE(344)] "FTS:Delegate: before db initialization", source: https://static.whatsapp.net/rsrc.php/v3/y6/r/ENTLTW0xfpl.js (344)
[1020/170754.908:INFO:CONSOLE(344)] "[storage] applying schema versions from [0 to 8] for the database: 'fts-storage'", source: https://static.whatsapp.net/rsrc.php/v3/y6/r/ENTLTW0xfpl.js (344)
[1020/170754.942:INFO:CONSOLE(344)] "[storage] applying schema versions from [0 to 160] for the database: 'model-storage'", source: https://static.whatsapp.net/rsrc.php/v3/y6/r/ENTLTW0xfpl.js (344)
[1020/170757.783:INFO:CONSOLE(344)] "FTS:Delegate: after db initialization", source: https://static.whatsapp.net/rsrc.php/v3/y6/r/ENTLTW0xfpl.js (344)
[1020/170757.790:INFO:CONSOLE(344)] "FTS:Manifest Writer: Set current version to ['3.1', '1']", source: https://static.whatsapp.net/rsrc.php/v3/y6/r/ENTLTW0xfpl.js (344)
[1020/170757.792:INFO:CONSOLE(344)] "FTS:Delegate: Inited", source: https://static.whatsapp.net/rsrc.php/v3/y6/r/ENTLTW0xfpl.js (344)
[1020/170757.794:INFO:CONSOLE(344)] "FTS:Delegate: Init indexing ops", source: https://static.whatsapp.net/rsrc.php/v3/y6/r/ENTLTW0xfpl.js (344)
[1020/170757.801:INFO:CONSOLE(344)] "FTS:Indexer:indexQueuedBatch: Starting new batch size : 1000", source: https://static.whatsapp.net/rsrc.php/v3/y6/r/ENTLTW0xfpl.js (344)
[1020/170757.801:INFO:CONSOLE(344)] "Current message batch is from entry 0 of 92...", source: https://static.whatsapp.net/rsrc.php/v3/y6/r/ENTLTW0xfpl.js (344)
[1020/170800.949:INFO:CONSOLE(344)] "Finished batch from entry 0 of 92. (Took 3333.5 msec)", source: https://static.whatsapp.net/rsrc.php/v3/y6/r/ENTLTW0xfpl.js (344)
[1020/170802.637:INFO:CONSOLE(344)] "FTS:Indexer:indexQueuedBatch: Completed batch", source: https://static.whatsapp.net/rsrc.php/v3/y6/r/ENTLTW0xfpl.js (344)
[1020/170802.654:INFO:CONSOLE(344)] "FTS:Indexer:indexQueuedBatch: Completed", source: https://static.whatsapp.net/rsrc.php/v3/y6/r/ENTLTW0xfpl.js (344)
[1020/170805.475:INFO:CONSOLE(344)] "FTS:Indexer:indexQueuedBatch: Starting new batch size : 1000", source: https://static.whatsapp.net/rsrc.php/v3/y6/r/ENTLTW0xfpl.js (344)
[1020/170857.687:INFO:CONSOLE(344)] "FTS:Indexer:indexQueuedBatch: Completed batch", source: https://static.whatsapp.net/rsrc.php/v3/y6/r/ENTLTW0xfpl.js (344)
[1020/170857.927:INFO:CONSOLE(344)] "FTS:Indexer:indexQueuedBatch: Completed", source: https://static.whatsapp.net/rsrc.php/v3/y6/r/ENTLTW0xfpl.js (344)
[1020/171754.140:INFO:CONSOLE(336)] "Failed to parse video contentType: video/mp4; codecs=avc1.42000a", source: https://static.whatsapp.net/rsrc.php/v3iHCc4/yS/l/rt/hVdZfHKCq8G.js (336)
[1020/171754.140:INFO:CONSOLE(336)] "Failed to parse video contentType: video/mp4; codecs=hev1.1.6.L93.B0", source: https://static.whatsapp.net/rsrc.php/v3iHCc4/yS/l/rt/hVdZfHKCq8G.js (336)
[1020/171759.754:INFO:CONSOLE(123)] "Event handler of 'x-storagemutated-1' event must be added on the initial evaluation of worker script.", source: https://static.whatsapp.net/rsrc.php/v3/yW/r/WfD9-DpTyyP.js (123)
[1020/183052.240:INFO:CONSOLE(123)] "Event handler of 'x-storagemutated-1' event must be added on the initial evaluation of worker script.", source: https://static.whatsapp.net/rsrc.php/v3/yW/r/WfD9-DpTyyP.js (123)
