[1003/114225.141:INFO:CONSOLE(123)] "Event handler of 'x-storagemutated-1' event must be added on the initial evaluation of worker script.", source: https://static.whatsapp.net/rsrc.php/v3/yq/r/lZrXDahYHPy.js?_nc_x=Ij3Wp8lg5Kz (123)
[1003/114230.602:INFO:CONSOLE(123)] "Event handler of 'x-storagemutated-1' event must be added on the initial evaluation of worker script.", source: https://static.whatsapp.net/rsrc.php/v3/yy/r/ceIlwx5phAQ.js?_nc_x=Ij3Wp8lg5Kz (123)
[1003/114240.841:INFO:CONSOLE(343)] "WAWebLoggerWorker initialized", source: https://static.whatsapp.net/rsrc.php/v3/yM/r/tOlRlBUsLES.js?_nc_x=Ij3Wp8lg5Kz (343)
[1003/114240.844:INFO:CONSOLE(343)] "[storage] start setSchemaVersions from fts worker interface", source: https://static.whatsapp.net/rsrc.php/v3/yM/r/tOlRlBUsLES.js?_nc_x=Ij3Wp8lg5Kz (343)
[1003/114240.844:INFO:CONSOLE(343)] "[storage] set schema versions: [model-storage,159,fts-storage,8,jobs-storage,1,lru-media-storage-idb,2,offd-storage,4,qpl-storage,0,signal-storage,6,worker-storage,1,sw,2,wawc,14,wawc_db_enc,2]. is worker? true", source: https://static.whatsapp.net/rsrc.php/v3/yM/r/tOlRlBUsLES.js?_nc_x=Ij3Wp8lg5Kz (343)
[1003/114346.393:INFO:CONSOLE(123)] "Event handler of 'x-storagemutated-1' event must be added on the initial evaluation of worker script.", source: https://static.whatsapp.net/rsrc.php/v3/yy/r/ceIlwx5phAQ.js?_nc_x=Ij3Wp8lg5Kz (123)
[1003/114348.771:INFO:CONSOLE(343)] "FTS:Delegate: start indexer", source: https://static.whatsapp.net/rsrc.php/v3/yM/r/tOlRlBUsLES.js?_nc_x=Ij3Wp8lg5Kz (343)
[1003/114348.771:INFO:CONSOLE(343)] "FTS:Delegate: start perform init", source: https://static.whatsapp.net/rsrc.php/v3/yM/r/tOlRlBUsLES.js?_nc_x=Ij3Wp8lg5Kz (343)
[1003/114348.771:INFO:CONSOLE(343)] "FTS:Delegate: schema versions ready", source: https://static.whatsapp.net/rsrc.php/v3/yM/r/tOlRlBUsLES.js?_nc_x=Ij3Wp8lg5Kz (343)
[1003/114348.771:INFO:CONSOLE(343)] "FTS:Delegate: before db initialization", source: https://static.whatsapp.net/rsrc.php/v3/yM/r/tOlRlBUsLES.js?_nc_x=Ij3Wp8lg5Kz (343)
[1003/114348.771:INFO:CONSOLE(343)] "[storage] applying schema versions from [0 to 8] for the database: 'fts-storage'", source: https://static.whatsapp.net/rsrc.php/v3/yM/r/tOlRlBUsLES.js?_nc_x=Ij3Wp8lg5Kz (343)
[1003/114348.798:INFO:CONSOLE(343)] "[storage] applying schema versions from [0 to 159] for the database: 'model-storage'", source: https://static.whatsapp.net/rsrc.php/v3/yM/r/tOlRlBUsLES.js?_nc_x=Ij3Wp8lg5Kz (343)
[1003/114350.018:INFO:CONSOLE(343)] "FTS:Delegate: after db initialization", source: https://static.whatsapp.net/rsrc.php/v3/yM/r/tOlRlBUsLES.js?_nc_x=Ij3Wp8lg5Kz (343)
[1003/114350.021:INFO:CONSOLE(343)] "FTS:Manifest Writer: Set current version to ['3.1', '1']", source: https://static.whatsapp.net/rsrc.php/v3/yM/r/tOlRlBUsLES.js?_nc_x=Ij3Wp8lg5Kz (343)
[1003/114350.021:INFO:CONSOLE(343)] "FTS:Delegate: Inited", source: https://static.whatsapp.net/rsrc.php/v3/yM/r/tOlRlBUsLES.js?_nc_x=Ij3Wp8lg5Kz (343)
[1003/114350.021:INFO:CONSOLE(343)] "FTS:Delegate: Init indexing ops", source: https://static.whatsapp.net/rsrc.php/v3/yM/r/tOlRlBUsLES.js?_nc_x=Ij3Wp8lg5Kz (343)
[1003/114350.025:INFO:CONSOLE(343)] "Current message batch is from entry 0 of 0...", source: https://static.whatsapp.net/rsrc.php/v3/yM/r/tOlRlBUsLES.js?_nc_x=Ij3Wp8lg5Kz (343)
[1003/114350.026:INFO:CONSOLE(343)] "FTS:Indexer:indexQueuedBatch: Starting new batch size : 1000", source: https://static.whatsapp.net/rsrc.php/v3/yM/r/tOlRlBUsLES.js?_nc_x=Ij3Wp8lg5Kz (343)
[1003/114350.053:INFO:CONSOLE(343)] "FTS:Indexer:indexQueuedBatch: Completed", source: https://static.whatsapp.net/rsrc.php/v3/yM/r/tOlRlBUsLES.js?_nc_x=Ij3Wp8lg5Kz (343)
[1003/114354.153:INFO:CONSOLE(343)] "FTS:Indexer:indexQueuedBatch: Starting new batch size : 1000", source: https://static.whatsapp.net/rsrc.php/v3/yM/r/tOlRlBUsLES.js?_nc_x=Ij3Wp8lg5Kz (343)
[1003/114354.587:INFO:CONSOLE(343)] "FTS:Indexer:indexQueuedBatch: Completed", source: https://static.whatsapp.net/rsrc.php/v3/yM/r/tOlRlBUsLES.js?_nc_x=Ij3Wp8lg5Kz (343)
[1003/114354.815:INFO:CONSOLE(343)] "FTS:Indexer:indexQueuedBatch: Starting new batch size : 1000", source: https://static.whatsapp.net/rsrc.php/v3/yM/r/tOlRlBUsLES.js?_nc_x=Ij3Wp8lg5Kz (343)
[1003/114357.623:INFO:CONSOLE(71)] "ErrorUtils caught an error:

Converting to a string will drop content data. Hash="undefined" Translation="{user_name} أضاف {names}" Content="{"key":null,"ref":null,"props":{"contact":{"id":"201275587027@c.us","type":"in","textStatusLastUpdateTime":-1,"syncToAddressbook":false},"showNotifyName":true,"elevatedPushNamesEnabled":true,"onClick":null},"_owner":null}" (type=object,Object)

Subsequent non-fatal errors won't be logged; see https://fburl.com/debugjs.", source: https://static.whatsapp.net/rsrc.php/v3/y-/r/C2nfdIck3tZ.js?_nc_x=Ij3Wp8lg5Kz (71)
[1003/114407.247:INFO:CONSOLE(343)] "FTS:Indexer:indexQueuedBatch: Completed batch", source: https://static.whatsapp.net/rsrc.php/v3/yM/r/tOlRlBUsLES.js?_nc_x=Ij3Wp8lg5Kz (343)
[1003/114407.247:INFO:CONSOLE(343)] "FTS:Indexer:indexQueuedBatch: Completed", source: https://static.whatsapp.net/rsrc.php/v3/yM/r/tOlRlBUsLES.js?_nc_x=Ij3Wp8lg5Kz (343)
[1003/114432.397:INFO:CONSOLE(343)] "FTS:Indexer:indexQueuedBatch: Starting new batch size : 1000", source: https://static.whatsapp.net/rsrc.php/v3/yM/r/tOlRlBUsLES.js?_nc_x=Ij3Wp8lg5Kz (343)
[1003/114441.423:INFO:CONSOLE(123)] "Event handler of 'x-storagemutated-1' event must be added on the initial evaluation of worker script.", source: https://static.whatsapp.net/rsrc.php/v3/yy/r/ceIlwx5phAQ.js?_nc_x=Ij3Wp8lg5Kz (123)
[1003/114444.680:INFO:CONSOLE(343)] "WAWebLoggerWorker initialized", source: https://static.whatsapp.net/rsrc.php/v3/yM/r/tOlRlBUsLES.js?_nc_x=Ij3Wp8lg5Kz (343)
[1003/114444.680:INFO:CONSOLE(343)] "[storage] start setSchemaVersions from fts worker interface", source: https://static.whatsapp.net/rsrc.php/v3/yM/r/tOlRlBUsLES.js?_nc_x=Ij3Wp8lg5Kz (343)
[1003/114444.680:INFO:CONSOLE(343)] "[storage] set schema versions: [model-storage,159,fts-storage,8,jobs-storage,1,lru-media-storage-idb,2,offd-storage,4,qpl-storage,0,signal-storage,6,worker-storage,1,sw,2,wawc,14,wawc_db_enc,2]. is worker? true", source: https://static.whatsapp.net/rsrc.php/v3/yM/r/tOlRlBUsLES.js?_nc_x=Ij3Wp8lg5Kz (343)
[1003/114446.786:INFO:CONSOLE(343)] "FTS:Delegate: start indexer", source: https://static.whatsapp.net/rsrc.php/v3/yM/r/tOlRlBUsLES.js?_nc_x=Ij3Wp8lg5Kz (343)
[1003/114446.786:INFO:CONSOLE(343)] "FTS:Delegate: start perform init", source: https://static.whatsapp.net/rsrc.php/v3/yM/r/tOlRlBUsLES.js?_nc_x=Ij3Wp8lg5Kz (343)
[1003/114446.786:INFO:CONSOLE(343)] "FTS:Delegate: schema versions ready", source: https://static.whatsapp.net/rsrc.php/v3/yM/r/tOlRlBUsLES.js?_nc_x=Ij3Wp8lg5Kz (343)
[1003/114446.786:INFO:CONSOLE(343)] "FTS:Delegate: before db initialization", source: https://static.whatsapp.net/rsrc.php/v3/yM/r/tOlRlBUsLES.js?_nc_x=Ij3Wp8lg5Kz (343)
[1003/114446.787:INFO:CONSOLE(343)] "[storage] applying schema versions from [0 to 8] for the database: 'fts-storage'", source: https://static.whatsapp.net/rsrc.php/v3/yM/r/tOlRlBUsLES.js?_nc_x=Ij3Wp8lg5Kz (343)
[1003/114446.803:INFO:CONSOLE(343)] "[storage] applying schema versions from [0 to 159] for the database: 'model-storage'", source: https://static.whatsapp.net/rsrc.php/v3/yM/r/tOlRlBUsLES.js?_nc_x=Ij3Wp8lg5Kz (343)
[1003/114447.145:INFO:CONSOLE(71)] "ErrorUtils caught an error:

Converting to a string will drop content data. Hash="undefined" Translation="{user_name} أضاف {names}" Content="{"key":null,"ref":null,"props":{"contact":{"id":"201275587027@c.us","type":"in","isContactSyncCompleted":0,"textStatusLastUpdateTime":-1,"syncToAddressbook":false},"showNotifyName":true,"elevatedPushNamesEnabled":true,"onClick":null},"_owner":null}" (type=object,Object)

Subsequent non-fatal errors won't be logged; see https://fburl.com/debugjs.", source: https://static.whatsapp.net/rsrc.php/v3/y-/r/C2nfdIck3tZ.js?_nc_x=Ij3Wp8lg5Kz (71)
[1003/114448.393:INFO:CONSOLE(343)] "FTS:Delegate: after db initialization", source: https://static.whatsapp.net/rsrc.php/v3/yM/r/tOlRlBUsLES.js?_nc_x=Ij3Wp8lg5Kz (343)
[1003/114448.398:INFO:CONSOLE(343)] "FTS:Manifest Writer: No changes made, current:['3.1', '1'], latest:['3.1', '1']", source: https://static.whatsapp.net/rsrc.php/v3/yM/r/tOlRlBUsLES.js?_nc_x=Ij3Wp8lg5Kz (343)
[1003/114448.399:INFO:CONSOLE(343)] "FTS:Delegate: Inited", source: https://static.whatsapp.net/rsrc.php/v3/yM/r/tOlRlBUsLES.js?_nc_x=Ij3Wp8lg5Kz (343)
[1003/114448.399:INFO:CONSOLE(343)] "FTS:Delegate: Init indexing ops", source: https://static.whatsapp.net/rsrc.php/v3/yM/r/tOlRlBUsLES.js?_nc_x=Ij3Wp8lg5Kz (343)
[1003/114448.402:INFO:CONSOLE(343)] "FTS:Indexer:indexQueuedBatch: Starting new batch size : 1000", source: https://static.whatsapp.net/rsrc.php/v3/yM/r/tOlRlBUsLES.js?_nc_x=Ij3Wp8lg5Kz (343)
[1003/114529.763:INFO:CONSOLE(123)] "Event handler of 'x-storagemutated-1' event must be added on the initial evaluation of worker script.", source: https://static.whatsapp.net/rsrc.php/v3/yy/r/ceIlwx5phAQ.js?_nc_x=Ij3Wp8lg5Kz (123)
[1003/114532.088:INFO:CONSOLE(343)] "WAWebLoggerWorker initialized", source: https://static.whatsapp.net/rsrc.php/v3/yM/r/tOlRlBUsLES.js?_nc_x=Ij3Wp8lg5Kz (343)
[1003/114532.088:INFO:CONSOLE(343)] "[storage] start setSchemaVersions from fts worker interface", source: https://static.whatsapp.net/rsrc.php/v3/yM/r/tOlRlBUsLES.js?_nc_x=Ij3Wp8lg5Kz (343)
[1003/114532.088:INFO:CONSOLE(343)] "[storage] set schema versions: [model-storage,159,fts-storage,8,jobs-storage,1,lru-media-storage-idb,2,offd-storage,4,qpl-storage,0,signal-storage,6,worker-storage,1,sw,2,wawc,14,wawc_db_enc,2]. is worker? true", source: https://static.whatsapp.net/rsrc.php/v3/yM/r/tOlRlBUsLES.js?_nc_x=Ij3Wp8lg5Kz (343)
[1003/114639.471:INFO:CONSOLE(123)] "Event handler of 'x-storagemutated-1' event must be added on the initial evaluation of worker script.", source: https://static.whatsapp.net/rsrc.php/v3/yy/r/ceIlwx5phAQ.js?_nc_x=Ij3Wp8lg5Kz (123)
[1003/114641.948:INFO:CONSOLE(343)] "FTS:Delegate: start indexer", source: https://static.whatsapp.net/rsrc.php/v3/yM/r/tOlRlBUsLES.js?_nc_x=Ij3Wp8lg5Kz (343)
[1003/114641.948:INFO:CONSOLE(343)] "FTS:Delegate: start perform init", source: https://static.whatsapp.net/rsrc.php/v3/yM/r/tOlRlBUsLES.js?_nc_x=Ij3Wp8lg5Kz (343)
[1003/114641.948:INFO:CONSOLE(343)] "FTS:Delegate: schema versions ready", source: https://static.whatsapp.net/rsrc.php/v3/yM/r/tOlRlBUsLES.js?_nc_x=Ij3Wp8lg5Kz (343)
[1003/114641.948:INFO:CONSOLE(343)] "FTS:Delegate: before db initialization", source: https://static.whatsapp.net/rsrc.php/v3/yM/r/tOlRlBUsLES.js?_nc_x=Ij3Wp8lg5Kz (343)
[1003/114641.948:INFO:CONSOLE(343)] "[storage] applying schema versions from [0 to 8] for the database: 'fts-storage'", source: https://static.whatsapp.net/rsrc.php/v3/yM/r/tOlRlBUsLES.js?_nc_x=Ij3Wp8lg5Kz (343)
[1003/114641.963:INFO:CONSOLE(343)] "[storage] applying schema versions from [0 to 159] for the database: 'model-storage'", source: https://static.whatsapp.net/rsrc.php/v3/yM/r/tOlRlBUsLES.js?_nc_x=Ij3Wp8lg5Kz (343)
[1003/114643.246:INFO:CONSOLE(343)] "FTS:Delegate: after db initialization", source: https://static.whatsapp.net/rsrc.php/v3/yM/r/tOlRlBUsLES.js?_nc_x=Ij3Wp8lg5Kz (343)
[1003/114643.250:INFO:CONSOLE(343)] "FTS:Manifest Writer: Set current version to ['3.1', '1']", source: https://static.whatsapp.net/rsrc.php/v3/yM/r/tOlRlBUsLES.js?_nc_x=Ij3Wp8lg5Kz (343)
[1003/114643.251:INFO:CONSOLE(343)] "FTS:Delegate: Inited", source: https://static.whatsapp.net/rsrc.php/v3/yM/r/tOlRlBUsLES.js?_nc_x=Ij3Wp8lg5Kz (343)
[1003/114643.251:INFO:CONSOLE(343)] "FTS:Delegate: Init indexing ops", source: https://static.whatsapp.net/rsrc.php/v3/yM/r/tOlRlBUsLES.js?_nc_x=Ij3Wp8lg5Kz (343)
[1003/114643.256:INFO:CONSOLE(343)] "Current message batch is from entry 0 of 0...", source: https://static.whatsapp.net/rsrc.php/v3/yM/r/tOlRlBUsLES.js?_nc_x=Ij3Wp8lg5Kz (343)
[1003/114643.257:INFO:CONSOLE(343)] "FTS:Indexer:indexQueuedBatch: Starting new batch size : 1000", source: https://static.whatsapp.net/rsrc.php/v3/yM/r/tOlRlBUsLES.js?_nc_x=Ij3Wp8lg5Kz (343)
[1003/114643.258:INFO:CONSOLE(343)] "FTS:Indexer:indexQueuedBatch: Completed", source: https://static.whatsapp.net/rsrc.php/v3/yM/r/tOlRlBUsLES.js?_nc_x=Ij3Wp8lg5Kz (343)
[1003/114646.062:INFO:CONSOLE(343)] "FTS:Indexer:indexQueuedBatch: Starting new batch size : 1000", source: https://static.whatsapp.net/rsrc.php/v3/yM/r/tOlRlBUsLES.js?_nc_x=Ij3Wp8lg5Kz (343)
[1003/114646.555:INFO:CONSOLE(343)] "FTS:Indexer:indexQueuedBatch: Completed", source: https://static.whatsapp.net/rsrc.php/v3/yM/r/tOlRlBUsLES.js?_nc_x=Ij3Wp8lg5Kz (343)
[1003/114646.852:INFO:CONSOLE(343)] "FTS:Indexer:indexQueuedBatch: Starting new batch size : 1000", source: https://static.whatsapp.net/rsrc.php/v3/yM/r/tOlRlBUsLES.js?_nc_x=Ij3Wp8lg5Kz (343)
[1003/114649.502:INFO:CONSOLE(71)] "ErrorUtils caught an error:

Converting to a string will drop content data. Hash="undefined" Translation="{user_name} أضاف {names}" Content="{"key":null,"ref":null,"props":{"contact":{"id":"201275587027@c.us","type":"in","textStatusLastUpdateTime":-1,"syncToAddressbook":false},"showNotifyName":true,"elevatedPushNamesEnabled":true,"onClick":null},"_owner":null}" (type=object,Object)

Subsequent non-fatal errors won't be logged; see https://fburl.com/debugjs.", source: https://static.whatsapp.net/rsrc.php/v3/y-/r/C2nfdIck3tZ.js?_nc_x=Ij3Wp8lg5Kz (71)
[1003/114658.666:INFO:CONSOLE(343)] "FTS:Indexer:indexQueuedBatch: Completed batch", source: https://static.whatsapp.net/rsrc.php/v3/yM/r/tOlRlBUsLES.js?_nc_x=Ij3Wp8lg5Kz (343)
[1003/114658.666:INFO:CONSOLE(343)] "FTS:Indexer:indexQueuedBatch: Completed", source: https://static.whatsapp.net/rsrc.php/v3/yM/r/tOlRlBUsLES.js?_nc_x=Ij3Wp8lg5Kz (343)
[1003/114723.194:INFO:CONSOLE(343)] "FTS:Indexer:indexQueuedBatch: Starting new batch size : 1000", source: https://static.whatsapp.net/rsrc.php/v3/yM/r/tOlRlBUsLES.js?_nc_x=Ij3Wp8lg5Kz (343)
[1003/114810.138:INFO:CONSOLE(343)] "FTS:Indexer:indexQueuedBatch: Completed batch", source: https://static.whatsapp.net/rsrc.php/v3/yM/r/tOlRlBUsLES.js?_nc_x=Ij3Wp8lg5Kz (343)
[1003/115006.255:INFO:CONSOLE(123)] "Event handler of 'x-storagemutated-1' event must be added on the initial evaluation of worker script.", source: https://static.whatsapp.net/rsrc.php/v3/yy/r/ceIlwx5phAQ.js?_nc_x=Ij3Wp8lg5Kz (123)
[1003/115007.250:INFO:CONSOLE(343)] "WAWebLoggerWorker initialized", source: https://static.whatsapp.net/rsrc.php/v3/yM/r/tOlRlBUsLES.js?_nc_x=Ij3Wp8lg5Kz (343)
[1003/115007.250:INFO:CONSOLE(343)] "[storage] start setSchemaVersions from fts worker interface", source: https://static.whatsapp.net/rsrc.php/v3/yM/r/tOlRlBUsLES.js?_nc_x=Ij3Wp8lg5Kz (343)
[1003/115007.250:INFO:CONSOLE(343)] "[storage] set schema versions: [model-storage,159,fts-storage,8,jobs-storage,1,lru-media-storage-idb,2,offd-storage,4,qpl-storage,0,signal-storage,6,worker-storage,1,sw,2,wawc,14,wawc_db_enc,2]. is worker? true", source: https://static.whatsapp.net/rsrc.php/v3/yM/r/tOlRlBUsLES.js?_nc_x=Ij3Wp8lg5Kz (343)
