[1001/144157.709:INFO:CONSOLE(123)] "Event handler of 'x-storagemutated-1' event must be added on the initial evaluation of worker script.", source: https://static.whatsapp.net/rsrc.php/v3/yC/r/PkyQBN1jqXU.js?_nc_x=Ij3Wp8lg5Kz (123)
[1001/144157.722:WARNING:backend_impl.cc(1764)] Destroying invalid entry.
[1001/144157.723:WARNING:backend_impl.cc(1764)] Destroying invalid entry.
[1001/144157.723:WARNING:backend_impl.cc(1764)] Destroying invalid entry.
[1001/144157.724:WARNING:backend_impl.cc(1764)] Destroying invalid entry.
[1001/144159.052:INFO:CONSOLE(343)] "WAWebLoggerWorker initialized", source: https://static.whatsapp.net/rsrc.php/v3/ya/r/ByF5Vq3TgbF.js?_nc_x=Ij3Wp8lg5Kz (343)
[1001/144159.053:INFO:CONSOLE(343)] "[storage] start setSchemaVersions from fts worker interface", source: https://static.whatsapp.net/rsrc.php/v3/ya/r/ByF5Vq3TgbF.js?_nc_x=Ij3Wp8lg5Kz (343)
[1001/144159.053:INFO:CONSOLE(343)] "[storage] set schema versions: [model-storage,159,fts-storage,8,jobs-storage,1,lru-media-storage-idb,2,offd-storage,4,qpl-storage,0,signal-storage,6,worker-storage,1,sw,2,wawc,14,wawc_db_enc,2]. is worker? true", source: https://static.whatsapp.net/rsrc.php/v3/ya/r/ByF5Vq3TgbF.js?_nc_x=Ij3Wp8lg5Kz (343)
[1001/144303.895:ERROR:cache_util_win.cc(20)] Unable to move the cache: Access is denied. (0x5)
[1001/144303.896:ERROR:cache_util_win.cc(20)] Unable to move the cache: Access is denied. (0x5)
[1001/144303.897:ERROR:disk_cache.cc(208)] Unable to create cache
[1001/144303.897:ERROR:gpu_disk_cache.cc(712)] Gpu Cache Creation failed: -2
[1001/144303.897:ERROR:disk_cache.cc(208)] Unable to create cache
[1001/144303.897:ERROR:cache_util_win.cc(20)] Unable to move the cache: Access is denied. (0x5)
[1001/144303.897:ERROR:gpu_disk_cache.cc(712)] Gpu Cache Creation failed: -2
[1001/144303.897:ERROR:disk_cache.cc(208)] Unable to create cache
[1001/144303.897:ERROR:gpu_disk_cache.cc(712)] Gpu Cache Creation failed: -2
[1001/144305.898:ERROR:cache_util_win.cc(20)] Unable to move the cache: Access is denied. (0x5)
[1001/144305.898:ERROR:disk_cache.cc(208)] Unable to create cache
[1001/144305.906:WARNING:leveldb_database.cc(141)] Unable to open C:\Users\HP\Desktop\waMaApi\sessions\session-client5\Default\shared_proto_db\metadata: IO error: C:\Users\HP\Desktop\waMaApi\sessions\session-client5\Default\shared_proto_db\metadata/LOCK: Access denied. (ChromeMethodBFE: 15::LockFile::5)
[1001/144306.897:ERROR:service_worker_storage.cc(2016)] Failed to delete the database: Database IO error
[1001/144307.918:WARNING:leveldb_database.cc(141)] Unable to open C:\Users\HP\Desktop\waMaApi\sessions\session-client5\Default\shared_proto_db\metadata: IO error: C:\Users\HP\Desktop\waMaApi\sessions\session-client5\Default\shared_proto_db\metadata/LOCK: Access denied. (ChromeMethodBFE: 15::LockFile::5)
[1001/144309.926:WARNING:leveldb_database.cc(141)] Unable to open C:\Users\HP\Desktop\waMaApi\sessions\session-client5\Default\shared_proto_db\metadata: IO error: C:\Users\HP\Desktop\waMaApi\sessions\session-client5\Default\shared_proto_db\metadata/LOCK: Access denied. (ChromeMethodBFE: 15::LockFile::5)
[1001/144310.178:ERROR:quota_database.cc(977)] Could not open the quota database, resetting.
[1001/144311.929:WARNING:leveldb_database.cc(141)] Unable to open C:\Users\HP\Desktop\waMaApi\sessions\session-client5\Default\shared_proto_db\metadata: IO error: C:\Users\HP\Desktop\waMaApi\sessions\session-client5\Default\shared_proto_db\metadata/LOCK: Access denied. (ChromeMethodBFE: 15::LockFile::5)
[1001/144312.969:ERROR:quota_database.cc(977)] Could not open the quota database, resetting.
[1001/144512.987:INFO:CONSOLE(123)] "Event handler of 'x-storagemutated-1' event must be added on the initial evaluation of worker script.", source: https://static.whatsapp.net/rsrc.php/v3/yC/r/PkyQBN1jqXU.js?_nc_x=Ij3Wp8lg5Kz (123)
[1001/144519.053:ERROR:cache_util_win.cc(20)] Unable to move the cache: Access is denied. (0x5)
[1001/144519.054:ERROR:disk_cache.cc(208)] Unable to create cache
[1001/144519.054:ERROR:gpu_disk_cache.cc(712)] Gpu Cache Creation failed: -2
[1001/144519.056:ERROR:cache_util_win.cc(20)] Unable to move the cache: Access is denied. (0x5)
[1001/144519.057:ERROR:disk_cache.cc(208)] Unable to create cache
[1001/144519.057:ERROR:cache_util_win.cc(20)] Unable to move the cache: Access is denied. (0x5)
[1001/144519.057:ERROR:gpu_disk_cache.cc(712)] Gpu Cache Creation failed: -2
[1001/144519.057:ERROR:disk_cache.cc(208)] Unable to create cache
[1001/144519.057:ERROR:gpu_disk_cache.cc(712)] Gpu Cache Creation failed: -2
[1001/144521.049:ERROR:cache_util_win.cc(20)] Unable to move the cache: Access is denied. (0x5)
[1001/144521.049:ERROR:disk_cache.cc(208)] Unable to create cache
[1001/144521.055:WARNING:leveldb_database.cc(141)] Unable to open C:\Users\HP\Desktop\waMaApi\sessions\session-client5\Default\shared_proto_db\metadata: IO error: C:\Users\HP\Desktop\waMaApi\sessions\session-client5\Default\shared_proto_db\metadata/LOCK: Access denied. (ChromeMethodBFE: 15::LockFile::5)
[1001/144522.050:ERROR:service_worker_storage.cc(2016)] Failed to delete the database: Database IO error
[1001/144523.069:WARNING:leveldb_database.cc(141)] Unable to open C:\Users\HP\Desktop\waMaApi\sessions\session-client5\Default\shared_proto_db\metadata: IO error: C:\Users\HP\Desktop\waMaApi\sessions\session-client5\Default\shared_proto_db\metadata/LOCK: Access denied. (ChromeMethodBFE: 15::LockFile::5)
[1001/144523.599:INFO:CONSOLE(343)] "WAWebLoggerWorker initialized", source: https://static.whatsapp.net/rsrc.php/v3/ya/r/ByF5Vq3TgbF.js?_nc_x=Ij3Wp8lg5Kz (343)
[1001/144524.726:ERROR:cache_util_win.cc(20)] Unable to move the cache: Access is denied. (0x5)
[1001/144524.727:ERROR:cache_util_win.cc(20)] Unable to move the cache: Access is denied. (0x5)
[1001/144524.728:ERROR:cache_util_win.cc(20)] Unable to move the cache: Access is denied. (0x5)
[1001/144524.728:ERROR:disk_cache.cc(208)] Unable to create cache
[1001/144524.728:ERROR:gpu_disk_cache.cc(712)] Gpu Cache Creation failed: -2
[1001/144524.728:ERROR:disk_cache.cc(208)] Unable to create cache
[1001/144524.728:ERROR:gpu_disk_cache.cc(712)] Gpu Cache Creation failed: -2
[1001/144524.728:ERROR:disk_cache.cc(208)] Unable to create cache
[1001/144524.728:ERROR:gpu_disk_cache.cc(712)] Gpu Cache Creation failed: -2
[1001/144525.082:WARNING:leveldb_database.cc(141)] Unable to open C:\Users\HP\Desktop\waMaApi\sessions\session-client5\Default\shared_proto_db\metadata: IO error: C:\Users\HP\Desktop\waMaApi\sessions\session-client5\Default\shared_proto_db\metadata/LOCK: Access denied. (ChromeMethodBFE: 15::LockFile::5)
[1001/144525.128:INFO:CONSOLE(343)] "[storage] start setSchemaVersions from fts worker interface", source: https://static.whatsapp.net/rsrc.php/v3/ya/r/ByF5Vq3TgbF.js?_nc_x=Ij3Wp8lg5Kz (343)
[1001/144525.128:INFO:CONSOLE(343)] "[storage] set schema versions: [model-storage,159,fts-storage,8,jobs-storage,1,lru-media-storage-idb,2,offd-storage,4,qpl-storage,0,signal-storage,6,worker-storage,1,sw,2,wawc,14,wawc_db_enc,2]. is worker? true", source: https://static.whatsapp.net/rsrc.php/v3/ya/r/ByF5Vq3TgbF.js?_nc_x=Ij3Wp8lg5Kz (343)
[1001/144526.726:ERROR:cache_util_win.cc(20)] Unable to move the cache: Access is denied. (0x5)
[1001/144526.726:ERROR:disk_cache.cc(208)] Unable to create cache
[1001/144526.737:WARNING:leveldb_database.cc(141)] Unable to open C:\Users\HP\Desktop\waMaApi\sessions\session-client5\Default\shared_proto_db\metadata: IO error: C:\Users\HP\Desktop\waMaApi\sessions\session-client5\Default\shared_proto_db\metadata/LOCK: Access denied. (ChromeMethodBFE: 15::LockFile::5)
[1001/144618.051:INFO:CONSOLE(123)] "Event handler of 'x-storagemutated-1' event must be added on the initial evaluation of worker script.", source: https://static.whatsapp.net/rsrc.php/v3/yC/r/PkyQBN1jqXU.js?_nc_x=Ij3Wp8lg5Kz (123)
[1001/144623.458:ERROR:cache_util_win.cc(20)] Unable to move the cache: Access is denied. (0x5)
[1001/144623.458:ERROR:cache_util_win.cc(20)] Unable to move the cache: Access is denied. (0x5)
[1001/144623.459:ERROR:cache_util_win.cc(20)] Unable to move the cache: Access is denied. (0x5)
[1001/144623.460:ERROR:disk_cache.cc(208)] Unable to create cache
[1001/144623.460:ERROR:gpu_disk_cache.cc(712)] Gpu Cache Creation failed: -2
[1001/144623.460:ERROR:disk_cache.cc(208)] Unable to create cache
[1001/144623.460:ERROR:gpu_disk_cache.cc(712)] Gpu Cache Creation failed: -2
[1001/144623.460:ERROR:disk_cache.cc(208)] Unable to create cache
[1001/144623.460:ERROR:gpu_disk_cache.cc(712)] Gpu Cache Creation failed: -2
[1001/144625.460:WARNING:leveldb_database.cc(141)] Unable to open C:\Users\HP\Desktop\waMaApi\sessions\session-client5\Default\shared_proto_db\metadata: IO error: C:\Users\HP\Desktop\waMaApi\sessions\session-client5\Default\shared_proto_db\metadata/LOCK: Access denied. (ChromeMethodBFE: 15::LockFile::5)
[1001/144625.463:ERROR:cache_util_win.cc(20)] Unable to move the cache: Access is denied. (0x5)
[1001/144625.464:ERROR:disk_cache.cc(208)] Unable to create cache
[1001/144626.466:ERROR:service_worker_storage.cc(2016)] Failed to delete the database: Database IO error
[1001/144627.471:WARNING:leveldb_database.cc(141)] Unable to open C:\Users\HP\Desktop\waMaApi\sessions\session-client5\Default\shared_proto_db\metadata: IO error: C:\Users\HP\Desktop\waMaApi\sessions\session-client5\Default\shared_proto_db\metadata/LOCK: Access denied. (ChromeMethodBFE: 15::LockFile::5)
[1001/144629.487:WARNING:leveldb_database.cc(141)] Unable to open C:\Users\HP\Desktop\waMaApi\sessions\session-client5\Default\shared_proto_db\metadata: IO error: C:\Users\HP\Desktop\waMaApi\sessions\session-client5\Default\shared_proto_db\metadata/LOCK: Access denied. (ChromeMethodBFE: 15::LockFile::5)
[1001/144631.323:INFO:CONSOLE(343)] "WAWebLoggerWorker initialized", source: https://static.whatsapp.net/rsrc.php/v3/ya/r/ByF5Vq3TgbF.js?_nc_x=Ij3Wp8lg5Kz (343)
[1001/144631.323:INFO:CONSOLE(343)] "[storage] start setSchemaVersions from fts worker interface", source: https://static.whatsapp.net/rsrc.php/v3/ya/r/ByF5Vq3TgbF.js?_nc_x=Ij3Wp8lg5Kz (343)
[1001/144631.323:INFO:CONSOLE(343)] "[storage] set schema versions: [model-storage,159,fts-storage,8,jobs-storage,1,lru-media-storage-idb,2,offd-storage,4,qpl-storage,0,signal-storage,6,worker-storage,1,sw,2,wawc,14,wawc_db_enc,2]. is worker? true", source: https://static.whatsapp.net/rsrc.php/v3/ya/r/ByF5Vq3TgbF.js?_nc_x=Ij3Wp8lg5Kz (343)
[1001/144631.497:WARNING:leveldb_database.cc(141)] Unable to open C:\Users\HP\Desktop\waMaApi\sessions\session-client5\Default\shared_proto_db\metadata: IO error: C:\Users\HP\Desktop\waMaApi\sessions\session-client5\Default\shared_proto_db\metadata/LOCK: Access denied. (ChromeMethodBFE: 15::LockFile::5)
[1001/144631.985:ERROR:indexed_db_bucket_context.cc(354)] Failed to open LevelDB database from C:\Users\HP\Desktop\waMaApi\sessions\session-client5\Default\IndexedDB\https_web.whatsapp.com_0.indexeddb.leveldb,IO error: C:\Users\HP\Desktop\waMaApi\sessions\session-client5\Default\IndexedDB\https_web.whatsapp.com_0.indexeddb.leveldb/LOCK: Access denied. (ChromeMethodBFE: 15::LockFile::5)
[1001/145044.679:INFO:CONSOLE(123)] "Event handler of 'x-storagemutated-1' event must be added on the initial evaluation of worker script.", source: https://static.whatsapp.net/rsrc.php/v3/yC/r/PkyQBN1jqXU.js?_nc_x=Ij3Wp8lg5Kz (123)
[1001/145047.029:INFO:CONSOLE(123)] "Event handler of 'x-storagemutated-1' event must be added on the initial evaluation of worker script.", source: https://static.whatsapp.net/rsrc.php/v3/yC/r/PkyQBN1jqXU.js?_nc_x=Ij3Wp8lg5Kz (123)
[1001/145057.815:INFO:CONSOLE(343)] "WAWebLoggerWorker initialized", source: https://static.whatsapp.net/rsrc.php/v3/ya/r/ByF5Vq3TgbF.js?_nc_x=Ij3Wp8lg5Kz (343)
[1001/145057.815:INFO:CONSOLE(343)] "[storage] start setSchemaVersions from fts worker interface", source: https://static.whatsapp.net/rsrc.php/v3/ya/r/ByF5Vq3TgbF.js?_nc_x=Ij3Wp8lg5Kz (343)
[1001/145057.815:INFO:CONSOLE(343)] "[storage] set schema versions: [model-storage,159,fts-storage,8,jobs-storage,1,lru-media-storage-idb,2,offd-storage,4,qpl-storage,0,signal-storage,6,worker-storage,1,sw,2,wawc,14,wawc_db_enc,2]. is worker? true", source: https://static.whatsapp.net/rsrc.php/v3/ya/r/ByF5Vq3TgbF.js?_nc_x=Ij3Wp8lg5Kz (343)
[1001/145058.164:ERROR:cache_util_win.cc(20)] Unable to move the cache: Access is denied. (0x5)
[1001/145058.164:ERROR:cache_util_win.cc(20)] Unable to move the cache: Access is denied. (0x5)
[1001/145058.165:ERROR:cache_util_win.cc(20)] Unable to move the cache: Access is denied. (0x5)
[1001/145058.166:ERROR:disk_cache.cc(208)] Unable to create cache
[1001/145058.166:ERROR:gpu_disk_cache.cc(712)] Gpu Cache Creation failed: -2
[1001/145058.166:ERROR:disk_cache.cc(208)] Unable to create cache
[1001/145058.166:ERROR:gpu_disk_cache.cc(712)] Gpu Cache Creation failed: -2
[1001/145058.166:ERROR:disk_cache.cc(208)] Unable to create cache
[1001/145058.166:ERROR:gpu_disk_cache.cc(712)] Gpu Cache Creation failed: -2
[1001/145100.155:ERROR:cache_util_win.cc(20)] Unable to move the cache: Access is denied. (0x5)
[1001/145100.155:ERROR:disk_cache.cc(208)] Unable to create cache
[1001/145100.183:WARNING:leveldb_database.cc(141)] Unable to open C:\Users\HP\Desktop\waMaApi\sessions\session-client5\Default\shared_proto_db\metadata: IO error: C:\Users\HP\Desktop\waMaApi\sessions\session-client5\Default\shared_proto_db\metadata/LOCK: Access denied. (ChromeMethodBFE: 15::LockFile::5)
[1001/145101.155:ERROR:service_worker_storage.cc(2016)] Failed to delete the database: Database IO error
[1001/145102.200:WARNING:leveldb_database.cc(141)] Unable to open C:\Users\HP\Desktop\waMaApi\sessions\session-client5\Default\shared_proto_db\metadata: IO error: C:\Users\HP\Desktop\waMaApi\sessions\session-client5\Default\shared_proto_db\metadata/LOCK: Access denied. (ChromeMethodBFE: 15::LockFile::5)
[1001/145104.207:WARNING:leveldb_database.cc(141)] Unable to open C:\Users\HP\Desktop\waMaApi\sessions\session-client5\Default\shared_proto_db\metadata: IO error: C:\Users\HP\Desktop\waMaApi\sessions\session-client5\Default\shared_proto_db\metadata/LOCK: Access denied. (ChromeMethodBFE: 15::LockFile::5)
[1001/145203.900:INFO:CONSOLE(123)] "Event handler of 'x-storagemutated-1' event must be added on the initial evaluation of worker script.", source: https://static.whatsapp.net/rsrc.php/v3/yC/r/PkyQBN1jqXU.js?_nc_x=Ij3Wp8lg5Kz (123)
[1001/145208.857:ERROR:cache_util_win.cc(20)] Unable to move the cache: Access is denied. (0x5)
[1001/145208.859:ERROR:cache_util_win.cc(20)] Unable to move the cache: Access is denied. (0x5)
[1001/145208.859:ERROR:cache_util_win.cc(20)] Unable to move the cache: Access is denied. (0x5)
[1001/145208.859:ERROR:disk_cache.cc(208)] Unable to create cache
[1001/145208.859:ERROR:gpu_disk_cache.cc(712)] Gpu Cache Creation failed: -2
[1001/145208.860:ERROR:disk_cache.cc(208)] Unable to create cache
[1001/145208.860:ERROR:gpu_disk_cache.cc(712)] Gpu Cache Creation failed: -2
[1001/145208.860:ERROR:disk_cache.cc(208)] Unable to create cache
[1001/145208.860:ERROR:gpu_disk_cache.cc(712)] Gpu Cache Creation failed: -2
[1001/145210.839:ERROR:cache_util_win.cc(20)] Unable to move the cache: Access is denied. (0x5)
[1001/145210.839:ERROR:disk_cache.cc(208)] Unable to create cache
[1001/145210.879:WARNING:leveldb_database.cc(141)] Unable to open C:\Users\HP\Desktop\waMaApi\sessions\session-client5\Default\shared_proto_db\metadata: IO error: C:\Users\HP\Desktop\waMaApi\sessions\session-client5\Default\shared_proto_db\metadata/LOCK: Access denied. (ChromeMethodBFE: 15::LockFile::5)
[1001/145211.834:ERROR:service_worker_storage.cc(2016)] Failed to delete the database: Database IO error
[1001/145212.896:WARNING:leveldb_database.cc(141)] Unable to open C:\Users\HP\Desktop\waMaApi\sessions\session-client5\Default\shared_proto_db\metadata: IO error: C:\Users\HP\Desktop\waMaApi\sessions\session-client5\Default\shared_proto_db\metadata/LOCK: Access denied. (ChromeMethodBFE: 15::LockFile::5)
[1001/145214.917:WARNING:leveldb_database.cc(141)] Unable to open C:\Users\HP\Desktop\waMaApi\sessions\session-client5\Default\shared_proto_db\metadata: IO error: C:\Users\HP\Desktop\waMaApi\sessions\session-client5\Default\shared_proto_db\metadata/LOCK: Access denied. (ChromeMethodBFE: 15::LockFile::5)
[1001/145216.938:WARNING:leveldb_database.cc(141)] Unable to open C:\Users\HP\Desktop\waMaApi\sessions\session-client5\Default\shared_proto_db\metadata: IO error: C:\Users\HP\Desktop\waMaApi\sessions\session-client5\Default\shared_proto_db\metadata/LOCK: Access denied. (ChromeMethodBFE: 15::LockFile::5)
[1001/145217.488:ERROR:indexed_db_bucket_context.cc(354)] Failed to open LevelDB database from C:\Users\HP\Desktop\waMaApi\sessions\session-client5\Default\IndexedDB\https_web.whatsapp.com_0.indexeddb.leveldb,IO error: C:\Users\HP\Desktop\waMaApi\sessions\session-client5\Default\IndexedDB\https_web.whatsapp.com_0.indexeddb.leveldb/LOCK: Access denied. (ChromeMethodBFE: 15::LockFile::5)
[1001/145218.000:INFO:CONSOLE(343)] "WAWebLoggerWorker initialized", source: https://static.whatsapp.net/rsrc.php/v3/ya/r/ByF5Vq3TgbF.js?_nc_x=Ij3Wp8lg5Kz (343)
[1001/145218.001:INFO:CONSOLE(343)] "[storage] start setSchemaVersions from fts worker interface", source: https://static.whatsapp.net/rsrc.php/v3/ya/r/ByF5Vq3TgbF.js?_nc_x=Ij3Wp8lg5Kz (343)
[1001/145218.001:INFO:CONSOLE(343)] "[storage] set schema versions: [model-storage,159,fts-storage,8,jobs-storage,1,lru-media-storage-idb,2,offd-storage,4,qpl-storage,0,signal-storage,6,worker-storage,1,sw,2,wawc,14,wawc_db_enc,2]. is worker? true", source: https://static.whatsapp.net/rsrc.php/v3/ya/r/ByF5Vq3TgbF.js?_nc_x=Ij3Wp8lg5Kz (343)
[1001/145357.395:INFO:CONSOLE(123)] "Event handler of 'x-storagemutated-1' event must be added on the initial evaluation of worker script.", source: https://static.whatsapp.net/rsrc.php/v3/yC/r/PkyQBN1jqXU.js?_nc_x=Ij3Wp8lg5Kz (123)
[1001/145411.107:INFO:CONSOLE(343)] "WAWebLoggerWorker initialized", source: https://static.whatsapp.net/rsrc.php/v3/ya/r/ByF5Vq3TgbF.js?_nc_x=Ij3Wp8lg5Kz (343)
[1001/145411.107:INFO:CONSOLE(343)] "[storage] start setSchemaVersions from fts worker interface", source: https://static.whatsapp.net/rsrc.php/v3/ya/r/ByF5Vq3TgbF.js?_nc_x=Ij3Wp8lg5Kz (343)
[1001/145411.107:INFO:CONSOLE(343)] "[storage] set schema versions: [model-storage,159,fts-storage,8,jobs-storage,1,lru-media-storage-idb,2,offd-storage,4,qpl-storage,0,signal-storage,6,worker-storage,1,sw,2,wawc,14,wawc_db_enc,2]. is worker? true", source: https://static.whatsapp.net/rsrc.php/v3/ya/r/ByF5Vq3TgbF.js?_nc_x=Ij3Wp8lg5Kz (343)
[1001/145411.279:ERROR:cache_util_win.cc(20)] Unable to move the cache: Access is denied. (0x5)
[1001/145411.279:ERROR:cache_util_win.cc(20)] Unable to move the cache: Access is denied. (0x5)
[1001/145411.280:ERROR:disk_cache.cc(208)] Unable to create cache
[1001/145411.280:ERROR:gpu_disk_cache.cc(712)] Gpu Cache Creation failed: -2
[1001/145411.280:ERROR:disk_cache.cc(208)] Unable to create cache
[1001/145411.280:ERROR:gpu_disk_cache.cc(712)] Gpu Cache Creation failed: -2
[1001/145411.280:ERROR:cache_util_win.cc(20)] Unable to move the cache: Access is denied. (0x5)
[1001/145411.280:ERROR:disk_cache.cc(208)] Unable to create cache
[1001/145411.280:ERROR:gpu_disk_cache.cc(712)] Gpu Cache Creation failed: -2
[1001/145413.263:ERROR:cache_util_win.cc(20)] Unable to move the cache: Access is denied. (0x5)
[1001/145413.263:ERROR:disk_cache.cc(208)] Unable to create cache
[1001/145413.279:WARNING:leveldb_database.cc(141)] Unable to open C:\Users\HP\Desktop\waMaApi\sessions\session-client5\Default\shared_proto_db\metadata: IO error: C:\Users\HP\Desktop\waMaApi\sessions\session-client5\Default\shared_proto_db\metadata/LOCK: Access denied. (ChromeMethodBFE: 15::LockFile::5)
[1001/145414.269:ERROR:service_worker_storage.cc(2016)] Failed to delete the database: Database IO error
[1001/145415.289:WARNING:leveldb_database.cc(141)] Unable to open C:\Users\HP\Desktop\waMaApi\sessions\session-client5\Default\shared_proto_db\metadata: IO error: C:\Users\HP\Desktop\waMaApi\sessions\session-client5\Default\shared_proto_db\metadata/LOCK: Access denied. (ChromeMethodBFE: 15::LockFile::5)
[1001/145417.307:WARNING:leveldb_database.cc(141)] Unable to open C:\Users\HP\Desktop\waMaApi\sessions\session-client5\Default\shared_proto_db\metadata: IO error: C:\Users\HP\Desktop\waMaApi\sessions\session-client5\Default\shared_proto_db\metadata/LOCK: Access denied. (ChromeMethodBFE: 15::LockFile::5)
[1001/145632.372:INFO:CONSOLE(123)] "Event handler of 'x-storagemutated-1' event must be added on the initial evaluation of worker script.", source: https://static.whatsapp.net/rsrc.php/v3/yC/r/PkyQBN1jqXU.js?_nc_x=Ij3Wp8lg5Kz (123)
[1001/145646.261:INFO:CONSOLE(343)] "WAWebLoggerWorker initialized", source: https://static.whatsapp.net/rsrc.php/v3/ya/r/ByF5Vq3TgbF.js?_nc_x=Ij3Wp8lg5Kz (343)
[1001/145646.261:INFO:CONSOLE(343)] "[storage] start setSchemaVersions from fts worker interface", source: https://static.whatsapp.net/rsrc.php/v3/ya/r/ByF5Vq3TgbF.js?_nc_x=Ij3Wp8lg5Kz (343)
[1001/145646.261:INFO:CONSOLE(343)] "[storage] set schema versions: [model-storage,159,fts-storage,8,jobs-storage,1,lru-media-storage-idb,2,offd-storage,4,qpl-storage,0,signal-storage,6,worker-storage,1,sw,2,wawc,14,wawc_db_enc,2]. is worker? true", source: https://static.whatsapp.net/rsrc.php/v3/ya/r/ByF5Vq3TgbF.js?_nc_x=Ij3Wp8lg5Kz (343)
[1001/145716.563:INFO:CONSOLE(123)] "Event handler of 'x-storagemutated-1' event must be added on the initial evaluation of worker script.", source: https://static.whatsapp.net/rsrc.php/v3/yC/r/PkyQBN1jqXU.js?_nc_x=Ij3Wp8lg5Kz (123)
[1001/145730.672:INFO:CONSOLE(343)] "WAWebLoggerWorker initialized", source: https://static.whatsapp.net/rsrc.php/v3/ya/r/ByF5Vq3TgbF.js?_nc_x=Ij3Wp8lg5Kz (343)
[1001/145730.672:INFO:CONSOLE(343)] "[storage] start setSchemaVersions from fts worker interface", source: https://static.whatsapp.net/rsrc.php/v3/ya/r/ByF5Vq3TgbF.js?_nc_x=Ij3Wp8lg5Kz (343)
[1001/145730.672:INFO:CONSOLE(343)] "[storage] set schema versions: [model-storage,159,fts-storage,8,jobs-storage,1,lru-media-storage-idb,2,offd-storage,4,qpl-storage,0,signal-storage,6,worker-storage,1,sw,2,wawc,14,wawc_db_enc,2]. is worker? true", source: https://static.whatsapp.net/rsrc.php/v3/ya/r/ByF5Vq3TgbF.js?_nc_x=Ij3Wp8lg5Kz (343)
[1001/145838.211:INFO:CONSOLE(123)] "Event handler of 'x-storagemutated-1' event must be added on the initial evaluation of worker script.", source: https://static.whatsapp.net/rsrc.php/v3/yC/r/PkyQBN1jqXU.js?_nc_x=Ij3Wp8lg5Kz (123)
[1001/145849.112:INFO:CONSOLE(343)] "WAWebLoggerWorker initialized", source: https://static.whatsapp.net/rsrc.php/v3/ya/r/ByF5Vq3TgbF.js?_nc_x=Ij3Wp8lg5Kz (343)
[1001/145849.114:INFO:CONSOLE(343)] "[storage] start setSchemaVersions from fts worker interface", source: https://static.whatsapp.net/rsrc.php/v3/ya/r/ByF5Vq3TgbF.js?_nc_x=Ij3Wp8lg5Kz (343)
[1001/145849.115:INFO:CONSOLE(343)] "[storage] set schema versions: [model-storage,159,fts-storage,8,jobs-storage,1,lru-media-storage-idb,2,offd-storage,4,qpl-storage,0,signal-storage,6,worker-storage,1,sw,2,wawc,14,wawc_db_enc,2]. is worker? true", source: https://static.whatsapp.net/rsrc.php/v3/ya/r/ByF5Vq3TgbF.js?_nc_x=Ij3Wp8lg5Kz (343)
[1001/145918.254:INFO:CONSOLE(123)] "Event handler of 'x-storagemutated-1' event must be added on the initial evaluation of worker script.", source: https://static.whatsapp.net/rsrc.php/v3/yC/r/PkyQBN1jqXU.js?_nc_x=Ij3Wp8lg5Kz (123)
[1001/145926.827:ERROR:cache_util_win.cc(20)] Unable to move the cache: Access is denied. (0x5)
[1001/145926.828:ERROR:cache_util_win.cc(20)] Unable to move the cache: Access is denied. (0x5)
[1001/145926.829:ERROR:cache_util_win.cc(20)] Unable to move the cache: Access is denied. (0x5)
[1001/145926.829:ERROR:disk_cache.cc(208)] Unable to create cache
[1001/145926.829:ERROR:gpu_disk_cache.cc(712)] Gpu Cache Creation failed: -2
[1001/145926.829:ERROR:disk_cache.cc(208)] Unable to create cache
[1001/145926.829:ERROR:gpu_disk_cache.cc(712)] Gpu Cache Creation failed: -2
[1001/145926.829:ERROR:disk_cache.cc(208)] Unable to create cache
[1001/145926.829:ERROR:gpu_disk_cache.cc(712)] Gpu Cache Creation failed: -2
[1001/145928.836:WARNING:leveldb_database.cc(141)] Unable to open C:\Users\HP\Desktop\waMaApi\sessions\session-client5\Default\shared_proto_db\metadata: IO error: C:\Users\HP\Desktop\waMaApi\sessions\session-client5\Default\shared_proto_db\metadata/LOCK: Access denied. (ChromeMethodBFE: 15::LockFile::5)
[1001/145928.843:ERROR:cache_util_win.cc(20)] Unable to move the cache: Access is denied. (0x5)
[1001/145928.843:ERROR:disk_cache.cc(208)] Unable to create cache
[1001/145929.838:ERROR:service_worker_storage.cc(2016)] Failed to delete the database: Database IO error
[1001/145930.849:WARNING:leveldb_database.cc(141)] Unable to open C:\Users\HP\Desktop\waMaApi\sessions\session-client5\Default\shared_proto_db\metadata: IO error: C:\Users\HP\Desktop\waMaApi\sessions\session-client5\Default\shared_proto_db\metadata/LOCK: Access denied. (ChromeMethodBFE: 15::LockFile::5)
[1001/145932.293:INFO:CONSOLE(343)] "WAWebLoggerWorker initialized", source: https://static.whatsapp.net/rsrc.php/v3/ya/r/ByF5Vq3TgbF.js?_nc_x=Ij3Wp8lg5Kz (343)
[1001/145932.293:INFO:CONSOLE(343)] "[storage] start setSchemaVersions from fts worker interface", source: https://static.whatsapp.net/rsrc.php/v3/ya/r/ByF5Vq3TgbF.js?_nc_x=Ij3Wp8lg5Kz (343)
[1001/145932.293:INFO:CONSOLE(343)] "[storage] set schema versions: [model-storage,159,fts-storage,8,jobs-storage,1,lru-media-storage-idb,2,offd-storage,4,qpl-storage,0,signal-storage,6,worker-storage,1,sw,2,wawc,14,wawc_db_enc,2]. is worker? true", source: https://static.whatsapp.net/rsrc.php/v3/ya/r/ByF5Vq3TgbF.js?_nc_x=Ij3Wp8lg5Kz (343)
[1001/145932.860:WARNING:leveldb_database.cc(141)] Unable to open C:\Users\HP\Desktop\waMaApi\sessions\session-client5\Default\shared_proto_db\metadata: IO error: C:\Users\HP\Desktop\waMaApi\sessions\session-client5\Default\shared_proto_db\metadata/LOCK: Access denied. (ChromeMethodBFE: 15::LockFile::5)
[1001/150018.734:INFO:CONSOLE(123)] "Event handler of 'x-storagemutated-1' event must be added on the initial evaluation of worker script.", source: https://static.whatsapp.net/rsrc.php/v3/yC/r/PkyQBN1jqXU.js?_nc_x=Ij3Wp8lg5Kz (123)
[1001/150033.080:ERROR:cache_util_win.cc(20)] Unable to move the cache: Access is denied. (0x5)
[1001/150033.084:ERROR:cache_util_win.cc(20)] Unable to move the cache: Access is denied. (0x5)
[1001/150033.085:ERROR:disk_cache.cc(208)] Unable to create cache
[1001/150033.085:ERROR:gpu_disk_cache.cc(712)] Gpu Cache Creation failed: -2
[1001/150033.085:ERROR:disk_cache.cc(208)] Unable to create cache
[1001/150033.085:ERROR:gpu_disk_cache.cc(712)] Gpu Cache Creation failed: -2
[1001/150033.087:ERROR:cache_util_win.cc(20)] Unable to move the cache: Access is denied. (0x5)
[1001/150033.087:ERROR:disk_cache.cc(208)] Unable to create cache
[1001/150033.087:ERROR:gpu_disk_cache.cc(712)] Gpu Cache Creation failed: -2
[1001/150033.651:INFO:CONSOLE(343)] "WAWebLoggerWorker initialized", source: https://static.whatsapp.net/rsrc.php/v3/ya/r/ByF5Vq3TgbF.js?_nc_x=Ij3Wp8lg5Kz (343)
[1001/150033.651:INFO:CONSOLE(343)] "[storage] start setSchemaVersions from fts worker interface", source: https://static.whatsapp.net/rsrc.php/v3/ya/r/ByF5Vq3TgbF.js?_nc_x=Ij3Wp8lg5Kz (343)
[1001/150033.651:INFO:CONSOLE(343)] "[storage] set schema versions: [model-storage,159,fts-storage,8,jobs-storage,1,lru-media-storage-idb,2,offd-storage,4,qpl-storage,0,signal-storage,6,worker-storage,1,sw,2,wawc,14,wawc_db_enc,2]. is worker? true", source: https://static.whatsapp.net/rsrc.php/v3/ya/r/ByF5Vq3TgbF.js?_nc_x=Ij3Wp8lg5Kz (343)
[1001/150035.059:ERROR:cache_util_win.cc(20)] Unable to move the cache: Access is denied. (0x5)
[1001/150035.059:ERROR:disk_cache.cc(208)] Unable to create cache
[1001/150035.081:WARNING:leveldb_database.cc(141)] Unable to open C:\Users\HP\Desktop\waMaApi\sessions\session-client5\Default\shared_proto_db\metadata: IO error: C:\Users\HP\Desktop\waMaApi\sessions\session-client5\Default\shared_proto_db\metadata/LOCK: Access denied. (ChromeMethodBFE: 15::LockFile::5)
[1001/150036.052:ERROR:service_worker_storage.cc(2016)] Failed to delete the database: Database IO error
[1001/150037.098:WARNING:leveldb_database.cc(141)] Unable to open C:\Users\HP\Desktop\waMaApi\sessions\session-client5\Default\shared_proto_db\metadata: IO error: C:\Users\HP\Desktop\waMaApi\sessions\session-client5\Default\shared_proto_db\metadata/LOCK: Access denied. (ChromeMethodBFE: 15::LockFile::5)
[1001/150039.123:WARNING:leveldb_database.cc(141)] Unable to open C:\Users\HP\Desktop\waMaApi\sessions\session-client5\Default\shared_proto_db\metadata: IO error: C:\Users\HP\Desktop\waMaApi\sessions\session-client5\Default\shared_proto_db\metadata/LOCK: Access denied. (ChromeMethodBFE: 15::LockFile::5)
