[1003/193357.362:INFO:CONSOLE(123)] "Event handler of 'x-storagemutated-1' event must be added on the initial evaluation of worker script.", source: https://static.whatsapp.net/rsrc.php/v3/yy/r/ceIlwx5phAQ.js?_nc_x=Ij3Wp8lg5Kz (123)
[1003/193402.665:INFO:CONSOLE(123)] "Event handler of 'x-storagemutated-1' event must be added on the initial evaluation of worker script.", source: https://static.whatsapp.net/rsrc.php/v3/yi/r/NsHCUPwSmmQ.js?_nc_x=Ij3Wp8lg5Kz (123)
[1003/193403.732:INFO:CONSOLE(343)] "WAWebLoggerWorker initialized", source: https://static.whatsapp.net/rsrc.php/v3/yM/r/tOlRlBUsLES.js?_nc_x=Ij3Wp8lg5Kz (343)
[1003/193403.734:INFO:CONSOLE(343)] "[storage] start setSchemaVersions from fts worker interface", source: https://static.whatsapp.net/rsrc.php/v3/yM/r/tOlRlBUsLES.js?_nc_x=Ij3Wp8lg5Kz (343)
[1003/193403.734:INFO:CONSOLE(343)] "[storage] set schema versions: [model-storage,159,fts-storage,8,jobs-storage,1,lru-media-storage-idb,2,offd-storage,4,qpl-storage,0,signal-storage,6,worker-storage,1,sw,2,wawc,14,wawc_db_enc,2]. is worker? true", source: https://static.whatsapp.net/rsrc.php/v3/yM/r/tOlRlBUsLES.js?_nc_x=Ij3Wp8lg5Kz (343)
[1003/193406.270:INFO:CONSOLE(71)] "ErrorUtils caught an error:

Converting to a string will drop content data. Hash="undefined" Translation="{user_name} أضاف {names}" Content="{"key":null,"ref":null,"props":{"contact":{"id":"201275587027@c.us","type":"in","isContactSyncCompleted":1,"textStatusLastUpdateTime":-1,"syncToAddressbook":false},"showNotifyName":true,"elevatedPushNamesEnabled":true,"onClick":null},"_owner":null}" (type=object,Object)

Subsequent non-fatal errors won't be logged; see https://fburl.com/debugjs.", source: https://static.whatsapp.net/rsrc.php/v3/y-/r/C2nfdIck3tZ.js?_nc_x=Ij3Wp8lg5Kz (71)
[1003/193408.126:INFO:CONSOLE(343)] "FTS:Delegate: start indexer", source: https://static.whatsapp.net/rsrc.php/v3/yM/r/tOlRlBUsLES.js?_nc_x=Ij3Wp8lg5Kz (343)
[1003/193408.126:INFO:CONSOLE(343)] "FTS:Delegate: start perform init", source: https://static.whatsapp.net/rsrc.php/v3/yM/r/tOlRlBUsLES.js?_nc_x=Ij3Wp8lg5Kz (343)
[1003/193408.126:INFO:CONSOLE(343)] "FTS:Delegate: schema versions ready", source: https://static.whatsapp.net/rsrc.php/v3/yM/r/tOlRlBUsLES.js?_nc_x=Ij3Wp8lg5Kz (343)
[1003/193408.126:INFO:CONSOLE(343)] "FTS:Delegate: before db initialization", source: https://static.whatsapp.net/rsrc.php/v3/yM/r/tOlRlBUsLES.js?_nc_x=Ij3Wp8lg5Kz (343)
[1003/193408.126:INFO:CONSOLE(343)] "[storage] applying schema versions from [0 to 8] for the database: 'fts-storage'", source: https://static.whatsapp.net/rsrc.php/v3/yM/r/tOlRlBUsLES.js?_nc_x=Ij3Wp8lg5Kz (343)
[1003/193408.146:INFO:CONSOLE(343)] "[storage] applying schema versions from [0 to 159] for the database: 'model-storage'", source: https://static.whatsapp.net/rsrc.php/v3/yM/r/tOlRlBUsLES.js?_nc_x=Ij3Wp8lg5Kz (343)
[1003/193409.891:INFO:CONSOLE(343)] "FTS:Delegate: after db initialization", source: https://static.whatsapp.net/rsrc.php/v3/yM/r/tOlRlBUsLES.js?_nc_x=Ij3Wp8lg5Kz (343)
[1003/193409.893:INFO:CONSOLE(343)] "FTS:Manifest Writer: No changes made, current:['3.1', '1'], latest:['3.1', '1']", source: https://static.whatsapp.net/rsrc.php/v3/yM/r/tOlRlBUsLES.js?_nc_x=Ij3Wp8lg5Kz (343)
[1003/193409.894:INFO:CONSOLE(343)] "FTS:Delegate: Inited", source: https://static.whatsapp.net/rsrc.php/v3/yM/r/tOlRlBUsLES.js?_nc_x=Ij3Wp8lg5Kz (343)
[1003/193409.896:INFO:CONSOLE(343)] "FTS:Delegate: Init indexing ops", source: https://static.whatsapp.net/rsrc.php/v3/yM/r/tOlRlBUsLES.js?_nc_x=Ij3Wp8lg5Kz (343)
[1003/193409.907:INFO:CONSOLE(343)] "FTS:Indexer:indexQueuedBatch: Starting new batch size : 1000", source: https://static.whatsapp.net/rsrc.php/v3/yM/r/tOlRlBUsLES.js?_nc_x=Ij3Wp8lg5Kz (343)
[1003/193409.946:INFO:CONSOLE(343)] "FTS:Indexer:indexQueuedBatch: Completed batch", source: https://static.whatsapp.net/rsrc.php/v3/yM/r/tOlRlBUsLES.js?_nc_x=Ij3Wp8lg5Kz (343)
[1003/193409.948:INFO:CONSOLE(343)] "FTS:Indexer:indexQueuedBatch: Completed", source: https://static.whatsapp.net/rsrc.php/v3/yM/r/tOlRlBUsLES.js?_nc_x=Ij3Wp8lg5Kz (343)
