[0919/161551.959:INFO:CONSOLE(139)] "Event handler of 'x-storagemutated-1' event must be added on the initial evaluation of worker script.", source: https://static.whatsapp.net/rsrc.php/v3/yA/r/Zv5kuCg9ujW.js?_nc_x=Ij3Wp8lg5Kz (139)
[0919/161552.000:INFO:CONSOLE(0)] "Error with Permissions-Policy header: Feature xr-spatial-tracking's parameters are ignored.", source:  (0)
[0919/161552.000:INFO:CONSOLE(0)] "Error with Permissions-Policy header: Origin trial controlled feature not enabled: 'attribution-reporting'.", source:  (0)
[0919/161552.000:INFO:CONSOLE(0)] "Error with Permissions-Policy header: Unrecognized feature: 'compute-pressure'.", source:  (0)
[0919/161552.009:INFO:CONSOLE(0)] "Error with Permissions-Policy header: Origin trial controlled feature not enabled: 'interest-cohort'.", source:  (0)
[0919/161552.009:INFO:CONSOLE(0)] "Error with Permissions-Policy header: Unrecognized feature: 'private-state-token-issuance'.", source:  (0)
[0919/161552.009:INFO:CONSOLE(0)] "Error with Permissions-Policy header: Origin trial controlled feature not enabled: 'shared-storage'.", source:  (0)
[0919/161552.009:INFO:CONSOLE(0)] "Error with Permissions-Policy header: Unrecognized feature: 'shared-storage-select-url'.", source:  (0)
[0919/161552.009:INFO:CONSOLE(0)] "Error with Permissions-Policy header: Unrecognized feature: 'private-state-token-redemption'.", source:  (0)
[0919/161552.009:INFO:CONSOLE(0)] "Error with Permissions-Policy header: Unrecognized feature: 'unload'.", source:  (0)
[0919/161552.009:INFO:CONSOLE(0)] "Error with Permissions-Policy header: Unrecognized feature: 'window-management'.", source:  (0)
[0919/161555.521:INFO:CONSOLE(343)] "WAWebLoggerWorker initialized", source: https://static.whatsapp.net/rsrc.php/v3/yx/r/iN3KRIHb-YC.js?_nc_x=Ij3Wp8lg5Kz (343)
[0919/161555.521:INFO:CONSOLE(343)] "[storage] start setSchemaVersions from fts worker interface", source: https://static.whatsapp.net/rsrc.php/v3/yx/r/iN3KRIHb-YC.js?_nc_x=Ij3Wp8lg5Kz (343)
[0919/161555.521:INFO:CONSOLE(343)] "[storage] set schema versions: [model-storage,159,fts-storage,8,jobs-storage,1,lru-media-storage-idb,2,offd-storage,4,qpl-storage,0,signal-storage,6,worker-storage,1,sw,2,wawc,14,wawc_db_enc,2]. is worker? true", source: https://static.whatsapp.net/rsrc.php/v3/yx/r/iN3KRIHb-YC.js?_nc_x=Ij3Wp8lg5Kz (343)
[0919/161559.863:INFO:CONSOLE(343)] "FTS:Delegate: start indexer", source: https://static.whatsapp.net/rsrc.php/v3/yx/r/iN3KRIHb-YC.js?_nc_x=Ij3Wp8lg5Kz (343)
[0919/161559.863:INFO:CONSOLE(343)] "FTS:Delegate: start perform init", source: https://static.whatsapp.net/rsrc.php/v3/yx/r/iN3KRIHb-YC.js?_nc_x=Ij3Wp8lg5Kz (343)
[0919/161559.863:INFO:CONSOLE(343)] "FTS:Delegate: schema versions ready", source: https://static.whatsapp.net/rsrc.php/v3/yx/r/iN3KRIHb-YC.js?_nc_x=Ij3Wp8lg5Kz (343)
[0919/161559.863:INFO:CONSOLE(343)] "FTS:Delegate: before db initialization", source: https://static.whatsapp.net/rsrc.php/v3/yx/r/iN3KRIHb-YC.js?_nc_x=Ij3Wp8lg5Kz (343)
[0919/161559.863:INFO:CONSOLE(343)] "[storage] applying schema versions from [0 to 8] for the database: 'fts-storage'", source: https://static.whatsapp.net/rsrc.php/v3/yx/r/iN3KRIHb-YC.js?_nc_x=Ij3Wp8lg5Kz (343)
[0919/161559.892:INFO:CONSOLE(343)] "[storage] applying schema versions from [0 to 159] for the database: 'model-storage'", source: https://static.whatsapp.net/rsrc.php/v3/yx/r/iN3KRIHb-YC.js?_nc_x=Ij3Wp8lg5Kz (343)
[0919/161602.339:INFO:CONSOLE(343)] "FTS:Delegate: after db initialization", source: https://static.whatsapp.net/rsrc.php/v3/yx/r/iN3KRIHb-YC.js?_nc_x=Ij3Wp8lg5Kz (343)
[0919/161602.342:INFO:CONSOLE(343)] "FTS:Manifest Writer: No changes made, current:['3.1', '1'], latest:['3.1', '1']", source: https://static.whatsapp.net/rsrc.php/v3/yx/r/iN3KRIHb-YC.js?_nc_x=Ij3Wp8lg5Kz (343)
[0919/161602.344:INFO:CONSOLE(343)] "FTS:Delegate: Inited", source: https://static.whatsapp.net/rsrc.php/v3/yx/r/iN3KRIHb-YC.js?_nc_x=Ij3Wp8lg5Kz (343)
[0919/161602.345:INFO:CONSOLE(343)] "FTS:Delegate: Init indexing ops", source: https://static.whatsapp.net/rsrc.php/v3/yx/r/iN3KRIHb-YC.js?_nc_x=Ij3Wp8lg5Kz (343)
[0919/161602.351:INFO:CONSOLE(343)] "FTS:Indexer:indexQueuedBatch: Starting new batch size : 1000", source: https://static.whatsapp.net/rsrc.php/v3/yx/r/iN3KRIHb-YC.js?_nc_x=Ij3Wp8lg5Kz (343)
[0919/161647.523:INFO:CONSOLE(139)] "Event handler of 'x-storagemutated-1' event must be added on the initial evaluation of worker script.", source: https://static.whatsapp.net/rsrc.php/v3/yA/r/Zv5kuCg9ujW.js?_nc_x=Ij3Wp8lg5Kz (139)
[0919/161658.625:INFO:CONSOLE(343)] "FTS:Indexer:indexQueuedBatch: Completed batch", source: https://static.whatsapp.net/rsrc.php/v3/yx/r/iN3KRIHb-YC.js?_nc_x=Ij3Wp8lg5Kz (343)
[0919/161745.031:INFO:CONSOLE(343)] "FTS:Indexer:indexQueuedBatch: Completed batch", source: https://static.whatsapp.net/rsrc.php/v3/yx/r/iN3KRIHb-YC.js?_nc_x=Ij3Wp8lg5Kz (343)
[0919/161828.152:INFO:CONSOLE(343)] "FTS:Indexer:indexQueuedBatch: Completed batch", source: https://static.whatsapp.net/rsrc.php/v3/yx/r/iN3KRIHb-YC.js?_nc_x=Ij3Wp8lg5Kz (343)
[0919/161841.915:INFO:CONSOLE(139)] "Event handler of 'x-storagemutated-1' event must be added on the initial evaluation of worker script.", source: https://static.whatsapp.net/rsrc.php/v3/yA/r/Zv5kuCg9ujW.js?_nc_x=Ij3Wp8lg5Kz (139)
[0919/161858.367:INFO:CONSOLE(343)] "FTS:Indexer:indexQueuedBatch: Completed batch", source: https://static.whatsapp.net/rsrc.php/v3/yx/r/iN3KRIHb-YC.js?_nc_x=Ij3Wp8lg5Kz (343)
[0919/161858.456:INFO:CONSOLE(343)] "FTS:Indexer:indexQueuedBatch: Completed batch", source: https://static.whatsapp.net/rsrc.php/v3/yx/r/iN3KRIHb-YC.js?_nc_x=Ij3Wp8lg5Kz (343)
[0919/161858.460:INFO:CONSOLE(343)] "FTS:Indexer:indexQueuedBatch: Completed", source: https://static.whatsapp.net/rsrc.php/v3/yx/r/iN3KRIHb-YC.js?_nc_x=Ij3Wp8lg5Kz (343)
[0919/161912.736:INFO:CONSOLE(343)] "FTS:Indexer:indexQueuedBatch: Starting new batch size : 1000", source: https://static.whatsapp.net/rsrc.php/v3/yx/r/iN3KRIHb-YC.js?_nc_x=Ij3Wp8lg5Kz (343)
[0919/161912.745:INFO:CONSOLE(343)] "FTS:Indexer:indexQueuedBatch: Completed batch", source: https://static.whatsapp.net/rsrc.php/v3/yx/r/iN3KRIHb-YC.js?_nc_x=Ij3Wp8lg5Kz (343)
[0919/161912.767:INFO:CONSOLE(343)] "FTS:Indexer:indexQueuedBatch: Completed", source: https://static.whatsapp.net/rsrc.php/v3/yx/r/iN3KRIHb-YC.js?_nc_x=Ij3Wp8lg5Kz (343)
[0919/161926.675:INFO:CONSOLE(343)] "FTS:Indexer:indexQueuedBatch: Starting new batch size : 1000", source: https://static.whatsapp.net/rsrc.php/v3/yx/r/iN3KRIHb-YC.js?_nc_x=Ij3Wp8lg5Kz (343)
[0919/161926.685:INFO:CONSOLE(343)] "FTS:Indexer:indexQueuedBatch: Completed batch", source: https://static.whatsapp.net/rsrc.php/v3/yx/r/iN3KRIHb-YC.js?_nc_x=Ij3Wp8lg5Kz (343)
[0919/161926.694:INFO:CONSOLE(343)] "FTS:Indexer:indexQueuedBatch: Completed", source: https://static.whatsapp.net/rsrc.php/v3/yx/r/iN3KRIHb-YC.js?_nc_x=Ij3Wp8lg5Kz (343)
[0919/162029.826:INFO:CONSOLE(343)] "FTS:Indexer:indexQueuedBatch: Starting new batch size : 1000", source: https://static.whatsapp.net/rsrc.php/v3/yx/r/iN3KRIHb-YC.js?_nc_x=Ij3Wp8lg5Kz (343)
[0919/162029.830:INFO:CONSOLE(343)] "FTS:Indexer:indexQueuedBatch: Completed batch", source: https://static.whatsapp.net/rsrc.php/v3/yx/r/iN3KRIHb-YC.js?_nc_x=Ij3Wp8lg5Kz (343)
[0919/162029.838:INFO:CONSOLE(343)] "FTS:Indexer:indexQueuedBatch: Completed", source: https://static.whatsapp.net/rsrc.php/v3/yx/r/iN3KRIHb-YC.js?_nc_x=Ij3Wp8lg5Kz (343)
[0919/162057.977:INFO:CONSOLE(347)] "Failed to parse video contentType: video/mp4; codecs=avc1.42000a", source: https://static.whatsapp.net/rsrc.php/v3iVuL4/ye/l/rt/dFc7cSn4afu.js?_nc_x=Ij3Wp8lg5Kz (347)
[0919/162057.977:INFO:CONSOLE(347)] "Failed to parse video contentType: video/mp4; codecs=hev1.1.6.L93.B0", source: https://static.whatsapp.net/rsrc.php/v3iVuL4/ye/l/rt/dFc7cSn4afu.js?_nc_x=Ij3Wp8lg5Kz (347)
[0919/162103.629:INFO:CONSOLE(139)] "Event handler of 'x-storagemutated-1' event must be added on the initial evaluation of worker script.", source: https://static.whatsapp.net/rsrc.php/v3/yA/r/Zv5kuCg9ujW.js?_nc_x=Ij3Wp8lg5Kz (139)
[0919/162114.108:INFO:CONSOLE(343)] "FTS:Indexer:indexQueuedBatch: Starting new batch size : 1000", source: https://static.whatsapp.net/rsrc.php/v3/yx/r/iN3KRIHb-YC.js?_nc_x=Ij3Wp8lg5Kz (343)
[0919/162114.113:INFO:CONSOLE(343)] "FTS:Indexer:indexQueuedBatch: Completed batch", source: https://static.whatsapp.net/rsrc.php/v3/yx/r/iN3KRIHb-YC.js?_nc_x=Ij3Wp8lg5Kz (343)
[0919/162114.117:INFO:CONSOLE(343)] "FTS:Indexer:indexQueuedBatch: Completed", source: https://static.whatsapp.net/rsrc.php/v3/yx/r/iN3KRIHb-YC.js?_nc_x=Ij3Wp8lg5Kz (343)
[0919/162648.588:INFO:CONSOLE(343)] "FTS:Indexer:indexQueuedBatch: Starting new batch size : 1000", source: https://static.whatsapp.net/rsrc.php/v3/yx/r/iN3KRIHb-YC.js?_nc_x=Ij3Wp8lg5Kz (343)
[0919/162648.594:INFO:CONSOLE(343)] "FTS:Indexer:indexQueuedBatch: Completed", source: https://static.whatsapp.net/rsrc.php/v3/yx/r/iN3KRIHb-YC.js?_nc_x=Ij3Wp8lg5Kz (343)
[0919/162648.998:INFO:CONSOLE(139)] "Event handler of 'x-storagemutated-1' event must be added on the initial evaluation of worker script.", source: https://static.whatsapp.net/rsrc.php/v3/yA/r/Zv5kuCg9ujW.js?_nc_x=Ij3Wp8lg5Kz (139)
[0919/162921.078:INFO:CONSOLE(139)] "Event handler of 'x-storagemutated-1' event must be added on the initial evaluation of worker script.", source: https://static.whatsapp.net/rsrc.php/v3/yA/r/Zv5kuCg9ujW.js?_nc_x=Ij3Wp8lg5Kz (139)
[0919/162954.123:INFO:CONSOLE(343)] "FTS:Indexer:indexQueuedBatch: Starting new batch size : 1000", source: https://static.whatsapp.net/rsrc.php/v3/yx/r/iN3KRIHb-YC.js?_nc_x=Ij3Wp8lg5Kz (343)
[0919/162954.128:INFO:CONSOLE(343)] "FTS:Indexer:indexQueuedBatch: Completed", source: https://static.whatsapp.net/rsrc.php/v3/yx/r/iN3KRIHb-YC.js?_nc_x=Ij3Wp8lg5Kz (343)
[0919/162954.521:INFO:CONSOLE(139)] "Event handler of 'x-storagemutated-1' event must be added on the initial evaluation of worker script.", source: https://static.whatsapp.net/rsrc.php/v3/yA/r/Zv5kuCg9ujW.js?_nc_x=Ij3Wp8lg5Kz (139)
[0919/173537.864:INFO:CONSOLE(343)] "FTS:Indexer:indexQueuedBatch: Starting new batch size : 1000", source: https://static.whatsapp.net/rsrc.php/v3/yx/r/iN3KRIHb-YC.js?_nc_x=Ij3Wp8lg5Kz (343)
[0919/173537.868:INFO:CONSOLE(343)] "FTS:Indexer:indexQueuedBatch: Completed", source: https://static.whatsapp.net/rsrc.php/v3/yx/r/iN3KRIHb-YC.js?_nc_x=Ij3Wp8lg5Kz (343)
[0919/173538.303:INFO:CONSOLE(139)] "Event handler of 'x-storagemutated-1' event must be added on the initial evaluation of worker script.", source: https://static.whatsapp.net/rsrc.php/v3/yA/r/Zv5kuCg9ujW.js?_nc_x=Ij3Wp8lg5Kz (139)
