[1024/122502.216:INFO:CONSOLE(123)] "Event handler of 'x-storagemutated-1' event must be added on the initial evaluation of worker script.", source: https://static.whatsapp.net/rsrc.php/v3/y8/r/0ofDxrAi1-1.js (123)
[1024/122502.719:INFO:CONSOLE(0)] "Error with Permissions-Policy header: Feature xr-spatial-tracking's parameters are ignored.", source:  (0)
[1024/122502.724:INFO:CONSOLE(0)] "Error with Permissions-Policy header: Origin trial controlled feature not enabled: 'attribution-reporting'.", source:  (0)
[1024/122502.724:INFO:CONSOLE(0)] "Error with Permissions-Policy header: Unrecognized feature: 'compute-pressure'.", source:  (0)
[1024/122502.735:INFO:CONSOLE(0)] "Error with Permissions-Policy header: Origin trial controlled feature not enabled: 'interest-cohort'.", source:  (0)
[1024/122502.737:INFO:CONSOLE(0)] "Error with Permissions-Policy header: Unrecognized feature: 'private-state-token-issuance'.", source:  (0)
[1024/122502.737:INFO:CONSOLE(0)] "Error with Permissions-Policy header: Origin trial controlled feature not enabled: 'shared-storage'.", source:  (0)
[1024/122502.737:INFO:CONSOLE(0)] "Error with Permissions-Policy header: Unrecognized feature: 'shared-storage-select-url'.", source:  (0)
[1024/122502.738:INFO:CONSOLE(0)] "Error with Permissions-Policy header: Unrecognized feature: 'private-state-token-redemption'.", source:  (0)
[1024/122502.738:INFO:CONSOLE(0)] "Error with Permissions-Policy header: Unrecognized feature: 'unload'.", source:  (0)
[1024/122502.738:INFO:CONSOLE(0)] "Error with Permissions-Policy header: Unrecognized feature: 'window-management'.", source:  (0)
[1024/122511.198:INFO:CONSOLE(344)] "WAWebLoggerWorker initialized", source: https://static.whatsapp.net/rsrc.php/v3/ya/r/y7P6bNq1kdK.js (344)
[1024/122511.198:INFO:CONSOLE(344)] "[storage] start setSchemaVersions from fts worker interface", source: https://static.whatsapp.net/rsrc.php/v3/ya/r/y7P6bNq1kdK.js (344)
[1024/122511.198:INFO:CONSOLE(344)] "[storage] set schema versions: [model-storage,160,fts-storage,8,jobs-storage,1,lru-media-storage-idb,2,offd-storage,4,qpl-storage,0,signal-storage,6,worker-storage,1,sw,2,wawc,14,wawc_db_enc,2]. is worker? true", source: https://static.whatsapp.net/rsrc.php/v3/ya/r/y7P6bNq1kdK.js (344)
[1024/122518.524:INFO:CONSOLE(344)] "FTS:Delegate: start indexer", source: https://static.whatsapp.net/rsrc.php/v3/ya/r/y7P6bNq1kdK.js (344)
[1024/122518.524:INFO:CONSOLE(344)] "FTS:Delegate: start perform init", source: https://static.whatsapp.net/rsrc.php/v3/ya/r/y7P6bNq1kdK.js (344)
[1024/122518.526:INFO:CONSOLE(344)] "FTS:Delegate: schema versions ready", source: https://static.whatsapp.net/rsrc.php/v3/ya/r/y7P6bNq1kdK.js (344)
[1024/122518.526:INFO:CONSOLE(344)] "FTS:Delegate: before db initialization", source: https://static.whatsapp.net/rsrc.php/v3/ya/r/y7P6bNq1kdK.js (344)
[1024/122518.526:INFO:CONSOLE(344)] "[storage] applying schema versions from [0 to 8] for the database: 'fts-storage'", source: https://static.whatsapp.net/rsrc.php/v3/ya/r/y7P6bNq1kdK.js (344)
[1024/122518.526:INFO:CONSOLE(344)] "[storage] applying schema versions from [0 to 160] for the database: 'model-storage'", source: https://static.whatsapp.net/rsrc.php/v3/ya/r/y7P6bNq1kdK.js (344)
[1024/122521.958:INFO:CONSOLE(344)] "FTS:Delegate: after db initialization", source: https://static.whatsapp.net/rsrc.php/v3/ya/r/y7P6bNq1kdK.js (344)
[1024/122521.958:INFO:CONSOLE(344)] "FTS:Manifest Writer: No changes made, current:['3.1', '1'], latest:['3.1', '1']", source: https://static.whatsapp.net/rsrc.php/v3/ya/r/y7P6bNq1kdK.js (344)
[1024/122522.049:INFO:CONSOLE(344)] "FTS:Delegate: Inited", source: https://static.whatsapp.net/rsrc.php/v3/ya/r/y7P6bNq1kdK.js (344)
[1024/122522.050:INFO:CONSOLE(344)] "FTS:Delegate: Init indexing ops", source: https://static.whatsapp.net/rsrc.php/v3/ya/r/y7P6bNq1kdK.js (344)
[1024/122522.052:INFO:CONSOLE(344)] "FTS:Indexer:indexQueuedBatch: Starting new batch size : 1000", source: https://static.whatsapp.net/rsrc.php/v3/ya/r/y7P6bNq1kdK.js (344)
[1024/122522.054:INFO:CONSOLE(344)] "FTS:Indexer:indexQueuedBatch: Completed", source: https://static.whatsapp.net/rsrc.php/v3/ya/r/y7P6bNq1kdK.js (344)
[1024/122553.606:INFO:CONSOLE(344)] "FTS:Indexer:indexQueuedBatch: Starting new batch size : 1000", source: https://static.whatsapp.net/rsrc.php/v3/ya/r/y7P6bNq1kdK.js (344)
[1024/122553.649:INFO:CONSOLE(344)] "FTS:Indexer:indexQueuedBatch: Completed batch", source: https://static.whatsapp.net/rsrc.php/v3/ya/r/y7P6bNq1kdK.js (344)
[1024/122553.661:INFO:CONSOLE(344)] "FTS:Indexer:indexQueuedBatch: Completed", source: https://static.whatsapp.net/rsrc.php/v3/ya/r/y7P6bNq1kdK.js (344)
[1024/122857.121:INFO:CONSOLE(344)] "FTS:Indexer:indexQueuedBatch: Starting new batch size : 1000", source: https://static.whatsapp.net/rsrc.php/v3/ya/r/y7P6bNq1kdK.js (344)
[1024/122857.141:INFO:CONSOLE(344)] "FTS:Indexer:indexQueuedBatch: Completed batch", source: https://static.whatsapp.net/rsrc.php/v3/ya/r/y7P6bNq1kdK.js (344)
[1024/122857.144:INFO:CONSOLE(344)] "FTS:Indexer:indexQueuedBatch: Completed", source: https://static.whatsapp.net/rsrc.php/v3/ya/r/y7P6bNq1kdK.js (344)
[1024/123128.225:INFO:CONSOLE(344)] "FTS:Indexer:indexQueuedBatch: Starting new batch size : 1000", source: https://static.whatsapp.net/rsrc.php/v3/ya/r/y7P6bNq1kdK.js (344)
[1024/123128.242:INFO:CONSOLE(344)] "FTS:Indexer:indexQueuedBatch: Completed batch", source: https://static.whatsapp.net/rsrc.php/v3/ya/r/y7P6bNq1kdK.js (344)
[1024/123128.243:INFO:CONSOLE(344)] "FTS:Indexer:indexQueuedBatch: Completed", source: https://static.whatsapp.net/rsrc.php/v3/ya/r/y7P6bNq1kdK.js (344)
[1024/123128.700:INFO:CONSOLE(123)] "Event handler of 'x-storagemutated-1' event must be added on the initial evaluation of worker script.", source: https://static.whatsapp.net/rsrc.php/v3/y8/r/0ofDxrAi1-1.js (123)
[1024/123604.136:INFO:CONSOLE(344)] "FTS:Indexer:indexQueuedBatch: Starting new batch size : 1000", source: https://static.whatsapp.net/rsrc.php/v3/ya/r/y7P6bNq1kdK.js (344)
[1024/123604.153:INFO:CONSOLE(344)] "FTS:Indexer:indexQueuedBatch: Completed batch", source: https://static.whatsapp.net/rsrc.php/v3/ya/r/y7P6bNq1kdK.js (344)
[1024/123604.158:INFO:CONSOLE(344)] "FTS:Indexer:indexQueuedBatch: Completed", source: https://static.whatsapp.net/rsrc.php/v3/ya/r/y7P6bNq1kdK.js (344)
[1024/123636.870:INFO:CONSOLE(344)] "FTS:Indexer:indexQueuedBatch: Starting new batch size : 1000", source: https://static.whatsapp.net/rsrc.php/v3/ya/r/y7P6bNq1kdK.js (344)
[1024/123636.877:INFO:CONSOLE(344)] "FTS:Indexer:indexQueuedBatch: Completed batch", source: https://static.whatsapp.net/rsrc.php/v3/ya/r/y7P6bNq1kdK.js (344)
[1024/123636.881:INFO:CONSOLE(344)] "FTS:Indexer:indexQueuedBatch: Completed", source: https://static.whatsapp.net/rsrc.php/v3/ya/r/y7P6bNq1kdK.js (344)
[1024/123712.440:INFO:CONSOLE(123)] "Event handler of 'x-storagemutated-1' event must be added on the initial evaluation of worker script.", source: https://static.whatsapp.net/rsrc.php/v3/y8/r/0ofDxrAi1-1.js (123)
[1024/123713.326:INFO:CONSOLE(344)] "FTS:Indexer:indexQueuedBatch: Starting new batch size : 1000", source: https://static.whatsapp.net/rsrc.php/v3/ya/r/y7P6bNq1kdK.js (344)
[1024/123713.340:INFO:CONSOLE(344)] "FTS:Indexer:indexQueuedBatch: Completed batch", source: https://static.whatsapp.net/rsrc.php/v3/ya/r/y7P6bNq1kdK.js (344)
[1024/123713.345:INFO:CONSOLE(344)] "FTS:Indexer:indexQueuedBatch: Completed", source: https://static.whatsapp.net/rsrc.php/v3/ya/r/y7P6bNq1kdK.js (344)
[1024/123836.770:INFO:CONSOLE(344)] "FTS:Indexer:indexQueuedBatch: Starting new batch size : 1000", source: https://static.whatsapp.net/rsrc.php/v3/ya/r/y7P6bNq1kdK.js (344)
[1024/123836.784:INFO:CONSOLE(344)] "FTS:Indexer:indexQueuedBatch: Completed batch", source: https://static.whatsapp.net/rsrc.php/v3/ya/r/y7P6bNq1kdK.js (344)
[1024/123836.798:INFO:CONSOLE(344)] "FTS:Indexer:indexQueuedBatch: Completed", source: https://static.whatsapp.net/rsrc.php/v3/ya/r/y7P6bNq1kdK.js (344)
[1024/123848.146:INFO:CONSOLE(344)] "FTS:Indexer:indexQueuedBatch: Starting new batch size : 1000", source: https://static.whatsapp.net/rsrc.php/v3/ya/r/y7P6bNq1kdK.js (344)
[1024/123848.152:INFO:CONSOLE(344)] "FTS:Indexer:indexQueuedBatch: Completed batch", source: https://static.whatsapp.net/rsrc.php/v3/ya/r/y7P6bNq1kdK.js (344)
[1024/123848.157:INFO:CONSOLE(344)] "FTS:Indexer:indexQueuedBatch: Completed", source: https://static.whatsapp.net/rsrc.php/v3/ya/r/y7P6bNq1kdK.js (344)
[1024/124009.474:INFO:CONSOLE(123)] "Event handler of 'x-storagemutated-1' event must be added on the initial evaluation of worker script.", source: https://static.whatsapp.net/rsrc.php/v3/y8/r/0ofDxrAi1-1.js (123)
[1024/124010.178:INFO:CONSOLE(344)] "FTS:Indexer:indexQueuedBatch: Starting new batch size : 1000", source: https://static.whatsapp.net/rsrc.php/v3/ya/r/y7P6bNq1kdK.js (344)
[1024/124010.197:INFO:CONSOLE(344)] "FTS:Indexer:indexQueuedBatch: Completed batch", source: https://static.whatsapp.net/rsrc.php/v3/ya/r/y7P6bNq1kdK.js (344)
[1024/124010.200:INFO:CONSOLE(344)] "FTS:Indexer:indexQueuedBatch: Completed", source: https://static.whatsapp.net/rsrc.php/v3/ya/r/y7P6bNq1kdK.js (344)
[1024/125014.830:INFO:CONSOLE(344)] "FTS:Indexer:indexQueuedBatch: Starting new batch size : 1000", source: https://static.whatsapp.net/rsrc.php/v3/ya/r/y7P6bNq1kdK.js (344)
[1024/125014.843:INFO:CONSOLE(344)] "FTS:Indexer:indexQueuedBatch: Completed", source: https://static.whatsapp.net/rsrc.php/v3/ya/r/y7P6bNq1kdK.js (344)
[1024/130134.044:INFO:CONSOLE(344)] "FTS:Indexer:indexQueuedBatch: Starting new batch size : 1000", source: https://static.whatsapp.net/rsrc.php/v3/ya/r/y7P6bNq1kdK.js (344)
[1024/130134.057:INFO:CONSOLE(344)] "FTS:Indexer:indexQueuedBatch: Completed", source: https://static.whatsapp.net/rsrc.php/v3/ya/r/y7P6bNq1kdK.js (344)
[1024/140922.135:INFO:CONSOLE(344)] "FTS:Indexer:indexQueuedBatch: Starting new batch size : 1000", source: https://static.whatsapp.net/rsrc.php/v3/ya/r/y7P6bNq1kdK.js (344)
[1024/140922.141:INFO:CONSOLE(344)] "FTS:Indexer:indexQueuedBatch: Completed", source: https://static.whatsapp.net/rsrc.php/v3/ya/r/y7P6bNq1kdK.js (344)
[1024/140922.530:INFO:CONSOLE(123)] "Event handler of 'x-storagemutated-1' event must be added on the initial evaluation of worker script.", source: https://static.whatsapp.net/rsrc.php/v3/y8/r/0ofDxrAi1-1.js (123)
[1024/142509.864:INFO:CONSOLE(123)] "Event handler of 'x-storagemutated-1' event must be added on the initial evaluation of worker script.", source: https://static.whatsapp.net/rsrc.php/v3/y8/r/0ofDxrAi1-1.js (123)
[1024/142510.417:INFO:CONSOLE(344)] "FTS:Indexer:indexQueuedBatch: Starting new batch size : 1000", source: https://static.whatsapp.net/rsrc.php/v3/ya/r/y7P6bNq1kdK.js (344)
[1024/142510.433:INFO:CONSOLE(344)] "FTS:Indexer:indexQueuedBatch: Completed batch", source: https://static.whatsapp.net/rsrc.php/v3/ya/r/y7P6bNq1kdK.js (344)
[1024/142510.436:INFO:CONSOLE(344)] "FTS:Indexer:indexQueuedBatch: Completed", source: https://static.whatsapp.net/rsrc.php/v3/ya/r/y7P6bNq1kdK.js (344)
[1024/143616.681:INFO:CONSOLE(344)] "FTS:Indexer:indexQueuedBatch: Starting new batch size : 1000", source: https://static.whatsapp.net/rsrc.php/v3/ya/r/y7P6bNq1kdK.js (344)
[1024/143616.689:INFO:CONSOLE(344)] "FTS:Indexer:indexQueuedBatch: Completed", source: https://static.whatsapp.net/rsrc.php/v3/ya/r/y7P6bNq1kdK.js (344)
[1024/143617.572:INFO:CONSOLE(123)] "Event handler of 'x-storagemutated-1' event must be added on the initial evaluation of worker script.", source: https://static.whatsapp.net/rsrc.php/v3/y8/r/0ofDxrAi1-1.js (123)
[1024/143641.139:INFO:CONSOLE(344)] "FTS:Indexer:indexQueuedBatch: Starting new batch size : 1000", source: https://static.whatsapp.net/rsrc.php/v3/ya/r/y7P6bNq1kdK.js (344)
[1024/143641.146:INFO:CONSOLE(344)] "FTS:Indexer:indexQueuedBatch: Completed", source: https://static.whatsapp.net/rsrc.php/v3/ya/r/y7P6bNq1kdK.js (344)
[1024/144303.370:INFO:CONSOLE(123)] "Event handler of 'x-storagemutated-1' event must be added on the initial evaluation of worker script.", source: https://static.whatsapp.net/rsrc.php/v3/y8/r/0ofDxrAi1-1.js (123)
[1024/144304.563:INFO:CONSOLE(344)] "FTS:Indexer:indexQueuedBatch: Starting new batch size : 1000", source: https://static.whatsapp.net/rsrc.php/v3/ya/r/y7P6bNq1kdK.js (344)
[1024/144304.753:INFO:CONSOLE(344)] "FTS:Indexer:indexQueuedBatch: Completed batch", source: https://static.whatsapp.net/rsrc.php/v3/ya/r/y7P6bNq1kdK.js (344)
[1024/144304.757:INFO:CONSOLE(344)] "FTS:Indexer:indexQueuedBatch: Completed", source: https://static.whatsapp.net/rsrc.php/v3/ya/r/y7P6bNq1kdK.js (344)
[1024/144352.935:INFO:CONSOLE(123)] "Event handler of 'x-storagemutated-1' event must be added on the initial evaluation of worker script.", source: https://static.whatsapp.net/rsrc.php/v3/y8/r/0ofDxrAi1-1.js (123)
[1024/144353.627:INFO:CONSOLE(344)] "FTS:Indexer:indexQueuedBatch: Starting new batch size : 1000", source: https://static.whatsapp.net/rsrc.php/v3/ya/r/y7P6bNq1kdK.js (344)
[1024/144353.644:INFO:CONSOLE(344)] "FTS:Indexer:indexQueuedBatch: Completed batch", source: https://static.whatsapp.net/rsrc.php/v3/ya/r/y7P6bNq1kdK.js (344)
[1024/144353.647:INFO:CONSOLE(344)] "FTS:Indexer:indexQueuedBatch: Completed", source: https://static.whatsapp.net/rsrc.php/v3/ya/r/y7P6bNq1kdK.js (344)
[1024/144613.678:INFO:CONSOLE(344)] "FTS:Indexer:indexQueuedBatch: Starting new batch size : 1000", source: https://static.whatsapp.net/rsrc.php/v3/ya/r/y7P6bNq1kdK.js (344)
[1024/144613.725:INFO:CONSOLE(344)] "FTS:Indexer:indexQueuedBatch: Completed batch", source: https://static.whatsapp.net/rsrc.php/v3/ya/r/y7P6bNq1kdK.js (344)
[1024/144613.737:INFO:CONSOLE(344)] "FTS:Indexer:indexQueuedBatch: Completed", source: https://static.whatsapp.net/rsrc.php/v3/ya/r/y7P6bNq1kdK.js (344)
[1024/144614.105:INFO:CONSOLE(123)] "Event handler of 'x-storagemutated-1' event must be added on the initial evaluation of worker script.", source: https://static.whatsapp.net/rsrc.php/v3/y8/r/0ofDxrAi1-1.js (123)
[1024/144615.258:INFO:CONSOLE(344)] "FTS:Indexer:indexQueuedBatch: Starting new batch size : 1000", source: https://static.whatsapp.net/rsrc.php/v3/ya/r/y7P6bNq1kdK.js (344)
[1024/144615.284:INFO:CONSOLE(344)] "FTS:Indexer:indexQueuedBatch: Completed batch", source: https://static.whatsapp.net/rsrc.php/v3/ya/r/y7P6bNq1kdK.js (344)
[1024/144615.308:INFO:CONSOLE(344)] "FTS:Indexer:indexQueuedBatch: Completed", source: https://static.whatsapp.net/rsrc.php/v3/ya/r/y7P6bNq1kdK.js (344)
[1024/145311.528:INFO:CONSOLE(344)] "FTS:Indexer:indexQueuedBatch: Starting new batch size : 1000", source: https://static.whatsapp.net/rsrc.php/v3/ya/r/y7P6bNq1kdK.js (344)
[1024/145311.545:INFO:CONSOLE(344)] "FTS:Indexer:indexQueuedBatch: Completed batch", source: https://static.whatsapp.net/rsrc.php/v3/ya/r/y7P6bNq1kdK.js (344)
[1024/145311.549:INFO:CONSOLE(344)] "FTS:Indexer:indexQueuedBatch: Completed", source: https://static.whatsapp.net/rsrc.php/v3/ya/r/y7P6bNq1kdK.js (344)
[1024/145507.721:INFO:CONSOLE(344)] "FTS:Indexer:indexQueuedBatch: Starting new batch size : 1000", source: https://static.whatsapp.net/rsrc.php/v3/ya/r/y7P6bNq1kdK.js (344)
[1024/145507.741:INFO:CONSOLE(344)] "FTS:Indexer:indexQueuedBatch: Completed batch", source: https://static.whatsapp.net/rsrc.php/v3/ya/r/y7P6bNq1kdK.js (344)
[1024/145507.746:INFO:CONSOLE(344)] "FTS:Indexer:indexQueuedBatch: Completed", source: https://static.whatsapp.net/rsrc.php/v3/ya/r/y7P6bNq1kdK.js (344)
[1024/145621.800:INFO:CONSOLE(344)] "FTS:Indexer:indexQueuedBatch: Starting new batch size : 1000", source: https://static.whatsapp.net/rsrc.php/v3/ya/r/y7P6bNq1kdK.js (344)
[1024/145621.815:INFO:CONSOLE(344)] "FTS:Indexer:indexQueuedBatch: Completed batch", source: https://static.whatsapp.net/rsrc.php/v3/ya/r/y7P6bNq1kdK.js (344)
[1024/145621.825:INFO:CONSOLE(344)] "FTS:Indexer:indexQueuedBatch: Completed", source: https://static.whatsapp.net/rsrc.php/v3/ya/r/y7P6bNq1kdK.js (344)
[1024/150011.574:INFO:CONSOLE(123)] "Event handler of 'x-storagemutated-1' event must be added on the initial evaluation of worker script.", source: https://static.whatsapp.net/rsrc.php/v3/y8/r/0ofDxrAi1-1.js (123)
[1024/150013.197:INFO:CONSOLE(344)] "FTS:Indexer:indexQueuedBatch: Starting new batch size : 1000", source: https://static.whatsapp.net/rsrc.php/v3/ya/r/y7P6bNq1kdK.js (344)
[1024/150013.322:INFO:CONSOLE(344)] "FTS:Indexer:indexQueuedBatch: Completed batch", source: https://static.whatsapp.net/rsrc.php/v3/ya/r/y7P6bNq1kdK.js (344)
[1024/150013.330:INFO:CONSOLE(344)] "FTS:Indexer:indexQueuedBatch: Completed", source: https://static.whatsapp.net/rsrc.php/v3/ya/r/y7P6bNq1kdK.js (344)
[1024/153034.552:INFO:CONSOLE(344)] "FTS:Indexer:indexQueuedBatch: Starting new batch size : 1000", source: https://static.whatsapp.net/rsrc.php/v3/ya/r/y7P6bNq1kdK.js (344)
[1024/153034.559:INFO:CONSOLE(344)] "FTS:Indexer:indexQueuedBatch: Completed", source: https://static.whatsapp.net/rsrc.php/v3/ya/r/y7P6bNq1kdK.js (344)
[1024/161111.353:INFO:CONSOLE(344)] "FTS:Indexer:indexQueuedBatch: Starting new batch size : 1000", source: https://static.whatsapp.net/rsrc.php/v3/ya/r/y7P6bNq1kdK.js (344)
[1024/161111.383:INFO:CONSOLE(344)] "FTS:Indexer:indexQueuedBatch: Completed batch", source: https://static.whatsapp.net/rsrc.php/v3/ya/r/y7P6bNq1kdK.js (344)
[1024/161111.383:INFO:CONSOLE(344)] "FTS:Indexer:indexQueuedBatch: Completed", source: https://static.whatsapp.net/rsrc.php/v3/ya/r/y7P6bNq1kdK.js (344)
[1024/161129.889:INFO:CONSOLE(344)] "FTS:Indexer:indexQueuedBatch: Starting new batch size : 1000", source: https://static.whatsapp.net/rsrc.php/v3/ya/r/y7P6bNq1kdK.js (344)
[1024/161130.905:INFO:CONSOLE(344)] "FTS:Indexer:indexQueuedBatch: Completed batch", source: https://static.whatsapp.net/rsrc.php/v3/ya/r/y7P6bNq1kdK.js (344)
[1024/161130.906:INFO:CONSOLE(344)] "FTS:Indexer:indexQueuedBatch: Completed", source: https://static.whatsapp.net/rsrc.php/v3/ya/r/y7P6bNq1kdK.js (344)
[1024/161808.763:INFO:CONSOLE(344)] "FTS:Indexer:indexQueuedBatch: Starting new batch size : 1000", source: https://static.whatsapp.net/rsrc.php/v3/ya/r/y7P6bNq1kdK.js (344)
[1024/161808.770:INFO:CONSOLE(344)] "FTS:Indexer:indexQueuedBatch: Completed batch", source: https://static.whatsapp.net/rsrc.php/v3/ya/r/y7P6bNq1kdK.js (344)
[1024/161808.775:INFO:CONSOLE(344)] "FTS:Indexer:indexQueuedBatch: Completed", source: https://static.whatsapp.net/rsrc.php/v3/ya/r/y7P6bNq1kdK.js (344)
[1024/161814.104:INFO:CONSOLE(344)] "FTS:Indexer:indexQueuedBatch: Starting new batch size : 1000", source: https://static.whatsapp.net/rsrc.php/v3/ya/r/y7P6bNq1kdK.js (344)
[1024/161814.111:INFO:CONSOLE(344)] "FTS:Indexer:indexQueuedBatch: Completed batch", source: https://static.whatsapp.net/rsrc.php/v3/ya/r/y7P6bNq1kdK.js (344)
[1024/161814.116:INFO:CONSOLE(344)] "FTS:Indexer:indexQueuedBatch: Completed", source: https://static.whatsapp.net/rsrc.php/v3/ya/r/y7P6bNq1kdK.js (344)
[1024/161815.676:INFO:CONSOLE(344)] "FTS:Indexer:indexQueuedBatch: Starting new batch size : 1000", source: https://static.whatsapp.net/rsrc.php/v3/ya/r/y7P6bNq1kdK.js (344)
[1024/161815.685:INFO:CONSOLE(344)] "FTS:Indexer:indexQueuedBatch: Completed batch", source: https://static.whatsapp.net/rsrc.php/v3/ya/r/y7P6bNq1kdK.js (344)
[1024/161815.690:INFO:CONSOLE(344)] "FTS:Indexer:indexQueuedBatch: Completed", source: https://static.whatsapp.net/rsrc.php/v3/ya/r/y7P6bNq1kdK.js (344)
[1024/161839.445:INFO:CONSOLE(344)] "FTS:Indexer:indexQueuedBatch: Starting new batch size : 1000", source: https://static.whatsapp.net/rsrc.php/v3/ya/r/y7P6bNq1kdK.js (344)
[1024/161839.452:INFO:CONSOLE(344)] "FTS:Indexer:indexQueuedBatch: Completed batch", source: https://static.whatsapp.net/rsrc.php/v3/ya/r/y7P6bNq1kdK.js (344)
[1024/161839.455:INFO:CONSOLE(344)] "FTS:Indexer:indexQueuedBatch: Completed", source: https://static.whatsapp.net/rsrc.php/v3/ya/r/y7P6bNq1kdK.js (344)
[1024/161843.189:INFO:CONSOLE(344)] "FTS:Indexer:indexQueuedBatch: Starting new batch size : 1000", source: https://static.whatsapp.net/rsrc.php/v3/ya/r/y7P6bNq1kdK.js (344)
[1024/161843.194:INFO:CONSOLE(344)] "FTS:Indexer:indexQueuedBatch: Completed batch", source: https://static.whatsapp.net/rsrc.php/v3/ya/r/y7P6bNq1kdK.js (344)
[1024/161843.197:INFO:CONSOLE(344)] "FTS:Indexer:indexQueuedBatch: Completed", source: https://static.whatsapp.net/rsrc.php/v3/ya/r/y7P6bNq1kdK.js (344)
[1024/162009.552:INFO:CONSOLE(344)] "FTS:Indexer:indexQueuedBatch: Starting new batch size : 1000", source: https://static.whatsapp.net/rsrc.php/v3/ya/r/y7P6bNq1kdK.js (344)
[1024/162009.584:INFO:CONSOLE(344)] "FTS:Indexer:indexQueuedBatch: Completed batch", source: https://static.whatsapp.net/rsrc.php/v3/ya/r/y7P6bNq1kdK.js (344)
[1024/162009.585:INFO:CONSOLE(344)] "FTS:Indexer:indexQueuedBatch: Completed", source: https://static.whatsapp.net/rsrc.php/v3/ya/r/y7P6bNq1kdK.js (344)
