[0924/123926.019:INFO:CONSOLE(0)] "Error with Permissions-Policy header: Feature xr-spatial-tracking's parameters are ignored.", source:  (0)
[0924/123926.019:INFO:CONSOLE(0)] "Error with Permissions-Policy header: Origin trial controlled feature not enabled: 'attribution-reporting'.", source:  (0)
[0924/123926.019:INFO:CONSOLE(0)] "Error with Permissions-Policy header: Unrecognized feature: 'compute-pressure'.", source:  (0)
[0924/123926.019:INFO:CONSOLE(0)] "Error with Permissions-Policy header: Origin trial controlled feature not enabled: 'interest-cohort'.", source:  (0)
[0924/123926.019:INFO:CONSOLE(0)] "Error with Permissions-Policy header: Unrecognized feature: 'private-state-token-issuance'.", source:  (0)
[0924/123926.019:INFO:CONSOLE(0)] "Error with Permissions-Policy header: Origin trial controlled feature not enabled: 'shared-storage'.", source:  (0)
[0924/123926.021:INFO:CONSOLE(0)] "Error with Permissions-Policy header: Unrecognized feature: 'shared-storage-select-url'.", source:  (0)
[0924/123926.021:INFO:CONSOLE(0)] "Error with Permissions-Policy header: Unrecognized feature: 'private-state-token-redemption'.", source:  (0)
[0924/123926.021:INFO:CONSOLE(0)] "Error with Permissions-Policy header: Unrecognized feature: 'unload'.", source:  (0)
[0924/123926.021:INFO:CONSOLE(0)] "Error with Permissions-Policy header: Unrecognized feature: 'window-management'.", source:  (0)
[0924/123929.513:INFO:CONSOLE(140)] "Event handler of 'x-storagemutated-1' event must be added on the initial evaluation of worker script.", source: https://static.whatsapp.net/rsrc.php/v3/y1/r/ZVkRoBHObJB.js?_nc_x=Ij3Wp8lg5Kz (140)
[0924/123930.910:INFO:CONSOLE(343)] "WAWebLoggerWorker initialized", source: https://static.whatsapp.net/rsrc.php/v3/y1/r/3acTjp1w9lm.js?_nc_x=Ij3Wp8lg5Kz (343)
[0924/123930.910:INFO:CONSOLE(343)] "[storage] start setSchemaVersions from fts worker interface", source: https://static.whatsapp.net/rsrc.php/v3/y1/r/3acTjp1w9lm.js?_nc_x=Ij3Wp8lg5Kz (343)
[0924/123930.910:INFO:CONSOLE(343)] "[storage] set schema versions: [model-storage,159,fts-storage,8,jobs-storage,1,lru-media-storage-idb,2,offd-storage,4,qpl-storage,0,signal-storage,6,worker-storage,1,sw,2,wawc,14,wawc_db_enc,2]. is worker? true", source: https://static.whatsapp.net/rsrc.php/v3/y1/r/3acTjp1w9lm.js?_nc_x=Ij3Wp8lg5Kz (343)
[0924/124044.531:INFO:CONSOLE(140)] "Event handler of 'x-storagemutated-1' event must be added on the initial evaluation of worker script.", source: https://static.whatsapp.net/rsrc.php/v3/y1/r/ZVkRoBHObJB.js?_nc_x=Ij3Wp8lg5Kz (140)
[0924/124047.307:INFO:CONSOLE(343)] "FTS:Delegate: start indexer", source: https://static.whatsapp.net/rsrc.php/v3/y1/r/3acTjp1w9lm.js?_nc_x=Ij3Wp8lg5Kz (343)
[0924/124047.307:INFO:CONSOLE(343)] "FTS:Delegate: start perform init", source: https://static.whatsapp.net/rsrc.php/v3/y1/r/3acTjp1w9lm.js?_nc_x=Ij3Wp8lg5Kz (343)
[0924/124047.308:INFO:CONSOLE(343)] "FTS:Delegate: schema versions ready", source: https://static.whatsapp.net/rsrc.php/v3/y1/r/3acTjp1w9lm.js?_nc_x=Ij3Wp8lg5Kz (343)
[0924/124047.308:INFO:CONSOLE(343)] "FTS:Delegate: before db initialization", source: https://static.whatsapp.net/rsrc.php/v3/y1/r/3acTjp1w9lm.js?_nc_x=Ij3Wp8lg5Kz (343)
[0924/124047.308:INFO:CONSOLE(343)] "[storage] applying schema versions from [0 to 8] for the database: 'fts-storage'", source: https://static.whatsapp.net/rsrc.php/v3/y1/r/3acTjp1w9lm.js?_nc_x=Ij3Wp8lg5Kz (343)
[0924/124047.346:INFO:CONSOLE(343)] "[storage] applying schema versions from [0 to 159] for the database: 'model-storage'", source: https://static.whatsapp.net/rsrc.php/v3/y1/r/3acTjp1w9lm.js?_nc_x=Ij3Wp8lg5Kz (343)
[0924/124050.638:INFO:CONSOLE(343)] "FTS:Delegate: after db initialization", source: https://static.whatsapp.net/rsrc.php/v3/y1/r/3acTjp1w9lm.js?_nc_x=Ij3Wp8lg5Kz (343)
[0924/124050.638:INFO:CONSOLE(343)] "FTS:Manifest Writer: Set current version to ['3.1', '1']", source: https://static.whatsapp.net/rsrc.php/v3/y1/r/3acTjp1w9lm.js?_nc_x=Ij3Wp8lg5Kz (343)
[0924/124050.638:INFO:CONSOLE(343)] "FTS:Delegate: Inited", source: https://static.whatsapp.net/rsrc.php/v3/y1/r/3acTjp1w9lm.js?_nc_x=Ij3Wp8lg5Kz (343)
[0924/124050.638:INFO:CONSOLE(343)] "FTS:Delegate: Init indexing ops", source: https://static.whatsapp.net/rsrc.php/v3/y1/r/3acTjp1w9lm.js?_nc_x=Ij3Wp8lg5Kz (343)
[0924/124050.638:INFO:CONSOLE(343)] "FTS:Indexer:indexQueuedBatch: Starting new batch size : 1000", source: https://static.whatsapp.net/rsrc.php/v3/y1/r/3acTjp1w9lm.js?_nc_x=Ij3Wp8lg5Kz (343)
[0924/124052.814:INFO:CONSOLE(343)] "Current message batch is from entry 0 of 37...", source: https://static.whatsapp.net/rsrc.php/v3/y1/r/3acTjp1w9lm.js?_nc_x=Ij3Wp8lg5Kz (343)
[0924/124052.831:INFO:CONSOLE(343)] "Finished batch from entry 0 of 37. (Took 15 msec)", source: https://static.whatsapp.net/rsrc.php/v3/y1/r/3acTjp1w9lm.js?_nc_x=Ij3Wp8lg5Kz (343)
[0924/124053.662:INFO:CONSOLE(343)] "FTS:Indexer:indexQueuedBatch: Completed", source: https://static.whatsapp.net/rsrc.php/v3/y1/r/3acTjp1w9lm.js?_nc_x=Ij3Wp8lg5Kz (343)
[0924/124053.955:INFO:CONSOLE(343)] "FTS:Indexer:indexQueuedBatch: Starting new batch size : 1000", source: https://static.whatsapp.net/rsrc.php/v3/y1/r/3acTjp1w9lm.js?_nc_x=Ij3Wp8lg5Kz (343)
[0924/124057.961:INFO:CONSOLE(71)] "ErrorUtils caught an error:

Converting to a string will drop content data. Hash="undefined" Translation="{user_name} added {names}" Content="{"key":null,"ref":null,"props":{"contact":{"id":"201093254570@c.us","type":"in","textStatusLastUpdateTime":-1,"syncToAddressbook":false},"showNotifyName":true,"elevatedPushNamesEnabled":true,"onClick":null},"_owner":null}" (type=object,Object)

Subsequent non-fatal errors won't be logged; see https://fburl.com/debugjs.", source: https://static.whatsapp.net/rsrc.php/v3/y1/r/pePedL2ZgUk.js?_nc_x=Ij3Wp8lg5Kz (71)
[0924/124106.036:INFO:CONSOLE(343)] "FTS:Indexer:indexQueuedBatch: Completed batch", source: https://static.whatsapp.net/rsrc.php/v3/y1/r/3acTjp1w9lm.js?_nc_x=Ij3Wp8lg5Kz (343)
[0924/124106.103:INFO:CONSOLE(343)] "FTS:Indexer:indexQueuedBatch: Completed", source: https://static.whatsapp.net/rsrc.php/v3/y1/r/3acTjp1w9lm.js?_nc_x=Ij3Wp8lg5Kz (343)
[0924/124112.994:INFO:CONSOLE(0)] "Uncaught (in promise) #<a>", source: https://web.whatsapp.com/ (0)
[0924/124112.996:INFO:CONSOLE(28)] "Uncaught (in promise) #<a>", source: https://static.whatsapp.net/rsrc.php/v3iTNN4/yf/l/rt/HdSntYhd7HAvsWqehdEtWw.js?_nc_x=Ij3Wp8lg5Kz (28)
[0924/124112.997:INFO:CONSOLE(0)] "Uncaught (in promise) #<a>", source: https://web.whatsapp.com/ (0)
[0924/124113.055:INFO:CONSOLE(88)] "Uncaught (in promise) #<a>", source: https://static.whatsapp.net/rsrc.php/v3iq-x4/yU/l/rt/YJmClXJHQ5E.js?_nc_x=Ij3Wp8lg5Kz (88)
[0924/124113.055:INFO:CONSOLE(28)] "Uncaught (in promise) #<a>", source: https://static.whatsapp.net/rsrc.php/v3iTNN4/yf/l/rt/HdSntYhd7HAvsWqehdEtWw.js?_nc_x=Ij3Wp8lg5Kz (28)
[0924/124113.056:INFO:CONSOLE(28)] "Uncaught (in promise) Invariant Violation: Minified invariant #56324; %s", source: https://static.whatsapp.net/rsrc.php/v3iTNN4/yf/l/rt/HdSntYhd7HAvsWqehdEtWw.js?_nc_x=Ij3Wp8lg5Kz (28)
[0924/124113.056:INFO:CONSOLE(28)] "Uncaught (in promise) #<a>", source: https://static.whatsapp.net/rsrc.php/v3iTNN4/yf/l/rt/HdSntYhd7HAvsWqehdEtWw.js?_nc_x=Ij3Wp8lg5Kz (28)
[0924/124113.089:INFO:CONSOLE(6)] "Uncaught (in promise) Invariant Violation: Minified invariant #56367; %s", source:  (6)
[0924/124113.185:INFO:CONSOLE(0)] "Error with Permissions-Policy header: Feature xr-spatial-tracking's parameters are ignored.", source:  (0)
[0924/124113.185:INFO:CONSOLE(0)] "Error with Permissions-Policy header: Origin trial controlled feature not enabled: 'attribution-reporting'.", source:  (0)
[0924/124113.185:INFO:CONSOLE(0)] "Error with Permissions-Policy header: Unrecognized feature: 'compute-pressure'.", source:  (0)
[0924/124113.185:INFO:CONSOLE(0)] "Error with Permissions-Policy header: Origin trial controlled feature not enabled: 'interest-cohort'.", source:  (0)
[0924/124113.185:INFO:CONSOLE(0)] "Error with Permissions-Policy header: Unrecognized feature: 'private-state-token-issuance'.", source:  (0)
[0924/124113.185:INFO:CONSOLE(0)] "Error with Permissions-Policy header: Origin trial controlled feature not enabled: 'shared-storage'.", source:  (0)
[0924/124113.185:INFO:CONSOLE(0)] "Error with Permissions-Policy header: Unrecognized feature: 'shared-storage-select-url'.", source:  (0)
[0924/124113.185:INFO:CONSOLE(0)] "Error with Permissions-Policy header: Unrecognized feature: 'private-state-token-redemption'.", source:  (0)
[0924/124113.185:INFO:CONSOLE(0)] "Error with Permissions-Policy header: Unrecognized feature: 'unload'.", source:  (0)
[0924/124113.185:INFO:CONSOLE(0)] "Error with Permissions-Policy header: Unrecognized feature: 'window-management'.", source:  (0)
